<?xml version="1.0" encoding="UTF-8"?>
<testsuite xmlns:xsi="http://www.w3.org/2001/XMLSchema-instance" xsi:noNamespaceSchemaLocation="https://maven.apache.org/surefire/maven-surefire-plugin/xsd/surefire-test-report-3.0.xsd" version="3.0" name="com.vlosco.backend.BackendApplicationTests" time="9.482" tests="1" errors="0" skipped="0" failures="0">
  <properties>
[...]
</properties>
  <testcase name="contextLoads" classname="com.vlosco.backend.BackendApplicationTests" time="0.306">
    <system-out><![CDATA[10:45:30.277 [main] INFO org.springframework.test.context.support.AnnotationConfigContextLoaderUtils -- Could not detect default configuration classes for test class [com.vlosco.backend.BackendApplicationTests]: BackendApplicationTests does not declare any static, non-private, non-final, nested classes annotated with @Configuration.
10:45:30.319 [main] INFO org.springframework.boot.test.context.SpringBootTestContextBootstrapper -- Found @SpringBootConfiguration com.vlosco.backend.BackendApplication for test class com.vlosco.backend.BackendApplicationTests

  .   ____          _            __ _ _
 /\\ / ___'_ __ _ _(_)_ __  __ _ \ \ \ \
( ( )\___ | '_ | '_| | '_ \/ _` | \ \ \ \
 \\/  ___)| |_)| | | | | || (_| |  ) ) ) )
  '  |____| .__|_| |_|_| |_\__, | / / / /
 =========|_|==============|___/=/_/_/_/

 :: Spring Boot ::                (v3.3.4)

2024-12-22T10:45:30.507+01:00  INFO 4681 --- [backend] [           main] c.v.backend.BackendApplicationTests      : Starting BackendApplicationTests using Java 23.0.1 with PID 4681 (started by medism14 in /Users/medism14/Desktop/Dev/Vlocso/Backend)
2024-12-22T10:45:30.508+01:00  INFO 4681 --- [backend] [           main] c.v.backend.BackendApplicationTests      : No active profile set, falling back to 1 default profile: "default"
2024-12-22T10:45:30.826+01:00  INFO 4681 --- [backend] [           main] .s.d.r.c.RepositoryConfigurationDelegate : Bootstrapping Spring Data JPA repositories in DEFAULT mode.
2024-12-22T10:45:30.855+01:00  INFO 4681 --- [backend] [           main] .s.d.r.c.RepositoryConfigurationDelegate : Finished Spring Data repository scanning in 25 ms. Found 12 JPA repository interfaces.
2024-12-22T10:45:31.061+01:00  INFO 4681 --- [backend] [           main] o.hibernate.jpa.internal.util.LogHelper  : HHH000204: Processing PersistenceUnitInfo [name: default]
2024-12-22T10:45:31.090+01:00  INFO 4681 --- [backend] [           main] org.hibernate.Version                    : HHH000412: Hibernate ORM core version 6.5.3.Final
2024-12-22T10:45:31.103+01:00  INFO 4681 --- [backend] [           main] o.h.c.internal.RegionFactoryInitiator    : HHH000026: Second-level cache disabled
2024-12-22T10:45:31.225+01:00  INFO 4681 --- [backend] [           main] o.s.o.j.p.SpringPersistenceUnitInfo      : No LoadTimeWeaver setup: ignoring JPA class transformer
2024-12-22T10:45:31.235+01:00  INFO 4681 --- [backend] [           main] com.zaxxer.hikari.HikariDataSource       : HikariPool-1 - Starting...
2024-12-22T10:45:31.321+01:00  INFO 4681 --- [backend] [           main] com.zaxxer.hikari.pool.HikariPool        : HikariPool-1 - Added connection org.postgresql.jdbc.PgConnection@280d5a82
2024-12-22T10:45:31.322+01:00  INFO 4681 --- [backend] [           main] com.zaxxer.hikari.HikariDataSource       : HikariPool-1 - Start completed.
2024-12-22T10:45:31.338+01:00  WARN 4681 --- [backend] [           main] org.hibernate.orm.deprecation            : HHH90000025: PostgreSQLDialect does not need to be specified explicitly using 'hibernate.dialect' (remove the property setting and it will be selected by default)
2024-12-22T10:45:31.807+01:00  INFO 4681 --- [backend] [           main] o.h.e.t.j.p.i.JtaPlatformInitiator       : HHH000489: No JTA platform available (set 'hibernate.transaction.jta.platform' to enable JTA platform integration)
2024-12-22T10:45:31.958+01:00  INFO 4681 --- [backend] [           main] j.LocalContainerEntityManagerFactoryBean : Initialized JPA EntityManagerFactory for persistence unit 'default'
2024-12-22T10:45:32.078+01:00  INFO 4681 --- [backend] [           main] o.s.d.j.r.query.QueryEnhancerFactory     : Hibernate is in classpath; If applicable, HQL parser will be used.
Hibernate: select count(*) from users u1_0
Hibernate: insert into users (birth_date,city,country,created_at,email,email_verification_token,email_verification_token_expiration,email_verified,first_name,is_active,last_login,last_name,password,password_verification_token,password_verification_token_expiration,phone_number,role,type,unread_count_notifications,updated_at,url_image_user) values (?,?,?,?,?,?,?,?,?,?,?,?,?,?,?,?,?,?,?,?,?) returning user_id
Hibernate: insert into users (birth_date,city,country,created_at,email,email_verification_token,email_verification_token_expiration,email_verified,first_name,is_active,last_login,last_name,password,password_verification_token,password_verification_token_expiration,phone_number,role,type,unread_count_notifications,updated_at,url_image_user) values (?,?,?,?,?,?,?,?,?,?,?,?,?,?,?,?,?,?,?,?,?) returning user_id
Hibernate: insert into users (birth_date,city,country,created_at,email,email_verification_token,email_verification_token_expiration,email_verified,first_name,is_active,last_login,last_name,password,password_verification_token,password_verification_token_expiration,phone_number,role,type,unread_count_notifications,updated_at,url_image_user) values (?,?,?,?,?,?,?,?,?,?,?,?,?,?,?,?,?,?,?,?,?) returning user_id
Hibernate: insert into users (birth_date,city,country,created_at,email,email_verification_token,email_verification_token_expiration,email_verified,first_name,is_active,last_login,last_name,password,password_verification_token,password_verification_token_expiration,phone_number,role,type,unread_count_notifications,updated_at,url_image_user) values (?,?,?,?,?,?,?,?,?,?,?,?,?,?,?,?,?,?,?,?,?) returning user_id
Hibernate: insert into users (birth_date,city,country,created_at,email,email_verification_token,email_verification_token_expiration,email_verified,first_name,is_active,last_login,last_name,password,password_verification_token,password_verification_token_expiration,phone_number,role,type,unread_count_notifications,updated_at,url_image_user) values (?,?,?,?,?,?,?,?,?,?,?,?,?,?,?,?,?,?,?,?,?) returning user_id
Hibernate: insert into users (birth_date,city,country,created_at,email,email_verification_token,email_verification_token_expiration,email_verified,first_name,is_active,last_login,last_name,password,password_verification_token,password_verification_token_expiration,phone_number,role,type,unread_count_notifications,updated_at,url_image_user) values (?,?,?,?,?,?,?,?,?,?,?,?,?,?,?,?,?,?,?,?,?) returning user_id
Hibernate: insert into users (birth_date,city,country,created_at,email,email_verification_token,email_verification_token_expiration,email_verified,first_name,is_active,last_login,last_name,password,password_verification_token,password_verification_token_expiration,phone_number,role,type,unread_count_notifications,updated_at,url_image_user) values (?,?,?,?,?,?,?,?,?,?,?,?,?,?,?,?,?,?,?,?,?) returning user_id
Hibernate: insert into users (birth_date,city,country,created_at,email,email_verification_token,email_verification_token_expiration,email_verified,first_name,is_active,last_login,last_name,password,password_verification_token,password_verification_token_expiration,phone_number,role,type,unread_count_notifications,updated_at,url_image_user) values (?,?,?,?,?,?,?,?,?,?,?,?,?,?,?,?,?,?,?,?,?) returning user_id
Hibernate: insert into users (birth_date,city,country,created_at,email,email_verification_token,email_verification_token_expiration,email_verified,first_name,is_active,last_login,last_name,password,password_verification_token,password_verification_token_expiration,phone_number,role,type,unread_count_notifications,updated_at,url_image_user) values (?,?,?,?,?,?,?,?,?,?,?,?,?,?,?,?,?,?,?,?,?) returning user_id
Hibernate: insert into users (birth_date,city,country,created_at,email,email_verification_token,email_verification_token_expiration,email_verified,first_name,is_active,last_login,last_name,password,password_verification_token,password_verification_token_expiration,phone_number,role,type,unread_count_notifications,updated_at,url_image_user) values (?,?,?,?,?,?,?,?,?,?,?,?,?,?,?,?,?,?,?,?,?) returning user_id
Hibernate: insert into users (birth_date,city,country,created_at,email,email_verification_token,email_verification_token_expiration,email_verified,first_name,is_active,last_login,last_name,password,password_verification_token,password_verification_token_expiration,phone_number,role,type,unread_count_notifications,updated_at,url_image_user) values (?,?,?,?,?,?,?,?,?,?,?,?,?,?,?,?,?,?,?,?,?) returning user_id
Hibernate: insert into users (birth_date,city,country,created_at,email,email_verification_token,email_verification_token_expiration,email_verified,first_name,is_active,last_login,last_name,password,password_verification_token,password_verification_token_expiration,phone_number,role,type,unread_count_notifications,updated_at,url_image_user) values (?,?,?,?,?,?,?,?,?,?,?,?,?,?,?,?,?,?,?,?,?) returning user_id
Hibernate: insert into users (birth_date,city,country,created_at,email,email_verification_token,email_verification_token_expiration,email_verified,first_name,is_active,last_login,last_name,password,password_verification_token,password_verification_token_expiration,phone_number,role,type,unread_count_notifications,updated_at,url_image_user) values (?,?,?,?,?,?,?,?,?,?,?,?,?,?,?,?,?,?,?,?,?) returning user_id
Hibernate: insert into users (birth_date,city,country,created_at,email,email_verification_token,email_verification_token_expiration,email_verified,first_name,is_active,last_login,last_name,password,password_verification_token,password_verification_token_expiration,phone_number,role,type,unread_count_notifications,updated_at,url_image_user) values (?,?,?,?,?,?,?,?,?,?,?,?,?,?,?,?,?,?,?,?,?) returning user_id
Hibernate: insert into users (birth_date,city,country,created_at,email,email_verification_token,email_verification_token_expiration,email_verified,first_name,is_active,last_login,last_name,password,password_verification_token,password_verification_token_expiration,phone_number,role,type,unread_count_notifications,updated_at,url_image_user) values (?,?,?,?,?,?,?,?,?,?,?,?,?,?,?,?,?,?,?,?,?) returning user_id
Hibernate: insert into users (birth_date,city,country,created_at,email,email_verification_token,email_verification_token_expiration,email_verified,first_name,is_active,last_login,last_name,password,password_verification_token,password_verification_token_expiration,phone_number,role,type,unread_count_notifications,updated_at,url_image_user) values (?,?,?,?,?,?,?,?,?,?,?,?,?,?,?,?,?,?,?,?,?) returning user_id
Hibernate: insert into users (birth_date,city,country,created_at,email,email_verification_token,email_verification_token_expiration,email_verified,first_name,is_active,last_login,last_name,password,password_verification_token,password_verification_token_expiration,phone_number,role,type,unread_count_notifications,updated_at,url_image_user) values (?,?,?,?,?,?,?,?,?,?,?,?,?,?,?,?,?,?,?,?,?) returning user_id
Hibernate: insert into users (birth_date,city,country,created_at,email,email_verification_token,email_verification_token_expiration,email_verified,first_name,is_active,last_login,last_name,password,password_verification_token,password_verification_token_expiration,phone_number,role,type,unread_count_notifications,updated_at,url_image_user) values (?,?,?,?,?,?,?,?,?,?,?,?,?,?,?,?,?,?,?,?,?) returning user_id
Hibernate: insert into users (birth_date,city,country,created_at,email,email_verification_token,email_verification_token_expiration,email_verified,first_name,is_active,last_login,last_name,password,password_verification_token,password_verification_token_expiration,phone_number,role,type,unread_count_notifications,updated_at,url_image_user) values (?,?,?,?,?,?,?,?,?,?,?,?,?,?,?,?,?,?,?,?,?) returning user_id
Hibernate: insert into users (birth_date,city,country,created_at,email,email_verification_token,email_verification_token_expiration,email_verified,first_name,is_active,last_login,last_name,password,password_verification_token,password_verification_token_expiration,phone_number,role,type,unread_count_notifications,updated_at,url_image_user) values (?,?,?,?,?,?,?,?,?,?,?,?,?,?,?,?,?,?,?,?,?) returning user_id
Hibernate: insert into users (birth_date,city,country,created_at,email,email_verification_token,email_verification_token_expiration,email_verified,first_name,is_active,last_login,last_name,password,password_verification_token,password_verification_token_expiration,phone_number,role,type,unread_count_notifications,updated_at,url_image_user) values (?,?,?,?,?,?,?,?,?,?,?,?,?,?,?,?,?,?,?,?,?) returning user_id
Hibernate: insert into users (birth_date,city,country,created_at,email,email_verification_token,email_verification_token_expiration,email_verified,first_name,is_active,last_login,last_name,password,password_verification_token,password_verification_token_expiration,phone_number,role,type,unread_count_notifications,updated_at,url_image_user) values (?,?,?,?,?,?,?,?,?,?,?,?,?,?,?,?,?,?,?,?,?) returning user_id
Hibernate: insert into users (birth_date,city,country,created_at,email,email_verification_token,email_verification_token_expiration,email_verified,first_name,is_active,last_login,last_name,password,password_verification_token,password_verification_token_expiration,phone_number,role,type,unread_count_notifications,updated_at,url_image_user) values (?,?,?,?,?,?,?,?,?,?,?,?,?,?,?,?,?,?,?,?,?) returning user_id
Hibernate: insert into users (birth_date,city,country,created_at,email,email_verification_token,email_verification_token_expiration,email_verified,first_name,is_active,last_login,last_name,password,password_verification_token,password_verification_token_expiration,phone_number,role,type,unread_count_notifications,updated_at,url_image_user) values (?,?,?,?,?,?,?,?,?,?,?,?,?,?,?,?,?,?,?,?,?) returning user_id
Hibernate: insert into users (birth_date,city,country,created_at,email,email_verification_token,email_verification_token_expiration,email_verified,first_name,is_active,last_login,last_name,password,password_verification_token,password_verification_token_expiration,phone_number,role,type,unread_count_notifications,updated_at,url_image_user) values (?,?,?,?,?,?,?,?,?,?,?,?,?,?,?,?,?,?,?,?,?) returning user_id
Hibernate: insert into users (birth_date,city,country,created_at,email,email_verification_token,email_verification_token_expiration,email_verified,first_name,is_active,last_login,last_name,password,password_verification_token,password_verification_token_expiration,phone_number,role,type,unread_count_notifications,updated_at,url_image_user) values (?,?,?,?,?,?,?,?,?,?,?,?,?,?,?,?,?,?,?,?,?) returning user_id
Hibernate: insert into users (birth_date,city,country,created_at,email,email_verification_token,email_verification_token_expiration,email_verified,first_name,is_active,last_login,last_name,password,password_verification_token,password_verification_token_expiration,phone_number,role,type,unread_count_notifications,updated_at,url_image_user) values (?,?,?,?,?,?,?,?,?,?,?,?,?,?,?,?,?,?,?,?,?) returning user_id
Hibernate: insert into users (birth_date,city,country,created_at,email,email_verification_token,email_verification_token_expiration,email_verified,first_name,is_active,last_login,last_name,password,password_verification_token,password_verification_token_expiration,phone_number,role,type,unread_count_notifications,updated_at,url_image_user) values (?,?,?,?,?,?,?,?,?,?,?,?,?,?,?,?,?,?,?,?,?) returning user_id
Hibernate: insert into users (birth_date,city,country,created_at,email,email_verification_token,email_verification_token_expiration,email_verified,first_name,is_active,last_login,last_name,password,password_verification_token,password_verification_token_expiration,phone_number,role,type,unread_count_notifications,updated_at,url_image_user) values (?,?,?,?,?,?,?,?,?,?,?,?,?,?,?,?,?,?,?,?,?) returning user_id
Hibernate: insert into users (birth_date,city,country,created_at,email,email_verification_token,email_verification_token_expiration,email_verified,first_name,is_active,last_login,last_name,password,password_verification_token,password_verification_token_expiration,phone_number,role,type,unread_count_notifications,updated_at,url_image_user) values (?,?,?,?,?,?,?,?,?,?,?,?,?,?,?,?,?,?,?,?,?) returning user_id
Hibernate: insert into users (birth_date,city,country,created_at,email,email_verification_token,email_verification_token_expiration,email_verified,first_name,is_active,last_login,last_name,password,password_verification_token,password_verification_token_expiration,phone_number,role,type,unread_count_notifications,updated_at,url_image_user) values (?,?,?,?,?,?,?,?,?,?,?,?,?,?,?,?,?,?,?,?,?) returning user_id
Hibernate: insert into users (birth_date,city,country,created_at,email,email_verification_token,email_verification_token_expiration,email_verified,first_name,is_active,last_login,last_name,password,password_verification_token,password_verification_token_expiration,phone_number,role,type,unread_count_notifications,updated_at,url_image_user) values (?,?,?,?,?,?,?,?,?,?,?,?,?,?,?,?,?,?,?,?,?) returning user_id
Hibernate: insert into users (birth_date,city,country,created_at,email,email_verification_token,email_verification_token_expiration,email_verified,first_name,is_active,last_login,last_name,password,password_verification_token,password_verification_token_expiration,phone_number,role,type,unread_count_notifications,updated_at,url_image_user) values (?,?,?,?,?,?,?,?,?,?,?,?,?,?,?,?,?,?,?,?,?) returning user_id
Hibernate: insert into users (birth_date,city,country,created_at,email,email_verification_token,email_verification_token_expiration,email_verified,first_name,is_active,last_login,last_name,password,password_verification_token,password_verification_token_expiration,phone_number,role,type,unread_count_notifications,updated_at,url_image_user) values (?,?,?,?,?,?,?,?,?,?,?,?,?,?,?,?,?,?,?,?,?) returning user_id
Hibernate: insert into users (birth_date,city,country,created_at,email,email_verification_token,email_verification_token_expiration,email_verified,first_name,is_active,last_login,last_name,password,password_verification_token,password_verification_token_expiration,phone_number,role,type,unread_count_notifications,updated_at,url_image_user) values (?,?,?,?,?,?,?,?,?,?,?,?,?,?,?,?,?,?,?,?,?) returning user_id
Hibernate: insert into users (birth_date,city,country,created_at,email,email_verification_token,email_verification_token_expiration,email_verified,first_name,is_active,last_login,last_name,password,password_verification_token,password_verification_token_expiration,phone_number,role,type,unread_count_notifications,updated_at,url_image_user) values (?,?,?,?,?,?,?,?,?,?,?,?,?,?,?,?,?,?,?,?,?) returning user_id
Hibernate: insert into users (birth_date,city,country,created_at,email,email_verification_token,email_verification_token_expiration,email_verified,first_name,is_active,last_login,last_name,password,password_verification_token,password_verification_token_expiration,phone_number,role,type,unread_count_notifications,updated_at,url_image_user) values (?,?,?,?,?,?,?,?,?,?,?,?,?,?,?,?,?,?,?,?,?) returning user_id
Hibernate: insert into users (birth_date,city,country,created_at,email,email_verification_token,email_verification_token_expiration,email_verified,first_name,is_active,last_login,last_name,password,password_verification_token,password_verification_token_expiration,phone_number,role,type,unread_count_notifications,updated_at,url_image_user) values (?,?,?,?,?,?,?,?,?,?,?,?,?,?,?,?,?,?,?,?,?) returning user_id
Hibernate: insert into users (birth_date,city,country,created_at,email,email_verification_token,email_verification_token_expiration,email_verified,first_name,is_active,last_login,last_name,password,password_verification_token,password_verification_token_expiration,phone_number,role,type,unread_count_notifications,updated_at,url_image_user) values (?,?,?,?,?,?,?,?,?,?,?,?,?,?,?,?,?,?,?,?,?) returning user_id
Hibernate: insert into users (birth_date,city,country,created_at,email,email_verification_token,email_verification_token_expiration,email_verified,first_name,is_active,last_login,last_name,password,password_verification_token,password_verification_token_expiration,phone_number,role,type,unread_count_notifications,updated_at,url_image_user) values (?,?,?,?,?,?,?,?,?,?,?,?,?,?,?,?,?,?,?,?,?) returning user_id
Hibernate: insert into users (birth_date,city,country,created_at,email,email_verification_token,email_verification_token_expiration,email_verified,first_name,is_active,last_login,last_name,password,password_verification_token,password_verification_token_expiration,phone_number,role,type,unread_count_notifications,updated_at,url_image_user) values (?,?,?,?,?,?,?,?,?,?,?,?,?,?,?,?,?,?,?,?,?) returning user_id
Hibernate: insert into users (birth_date,city,country,created_at,email,email_verification_token,email_verification_token_expiration,email_verified,first_name,is_active,last_login,last_name,password,password_verification_token,password_verification_token_expiration,phone_number,role,type,unread_count_notifications,updated_at,url_image_user) values (?,?,?,?,?,?,?,?,?,?,?,?,?,?,?,?,?,?,?,?,?) returning user_id
Hibernate: insert into users (birth_date,city,country,created_at,email,email_verification_token,email_verification_token_expiration,email_verified,first_name,is_active,last_login,last_name,password,password_verification_token,password_verification_token_expiration,phone_number,role,type,unread_count_notifications,updated_at,url_image_user) values (?,?,?,?,?,?,?,?,?,?,?,?,?,?,?,?,?,?,?,?,?) returning user_id
Hibernate: insert into users (birth_date,city,country,created_at,email,email_verification_token,email_verification_token_expiration,email_verified,first_name,is_active,last_login,last_name,password,password_verification_token,password_verification_token_expiration,phone_number,role,type,unread_count_notifications,updated_at,url_image_user) values (?,?,?,?,?,?,?,?,?,?,?,?,?,?,?,?,?,?,?,?,?) returning user_id
Hibernate: insert into users (birth_date,city,country,created_at,email,email_verification_token,email_verification_token_expiration,email_verified,first_name,is_active,last_login,last_name,password,password_verification_token,password_verification_token_expiration,phone_number,role,type,unread_count_notifications,updated_at,url_image_user) values (?,?,?,?,?,?,?,?,?,?,?,?,?,?,?,?,?,?,?,?,?) returning user_id
Hibernate: insert into users (birth_date,city,country,created_at,email,email_verification_token,email_verification_token_expiration,email_verified,first_name,is_active,last_login,last_name,password,password_verification_token,password_verification_token_expiration,phone_number,role,type,unread_count_notifications,updated_at,url_image_user) values (?,?,?,?,?,?,?,?,?,?,?,?,?,?,?,?,?,?,?,?,?) returning user_id
Hibernate: insert into users (birth_date,city,country,created_at,email,email_verification_token,email_verification_token_expiration,email_verified,first_name,is_active,last_login,last_name,password,password_verification_token,password_verification_token_expiration,phone_number,role,type,unread_count_notifications,updated_at,url_image_user) values (?,?,?,?,?,?,?,?,?,?,?,?,?,?,?,?,?,?,?,?,?) returning user_id
Hibernate: insert into users (birth_date,city,country,created_at,email,email_verification_token,email_verification_token_expiration,email_verified,first_name,is_active,last_login,last_name,password,password_verification_token,password_verification_token_expiration,phone_number,role,type,unread_count_notifications,updated_at,url_image_user) values (?,?,?,?,?,?,?,?,?,?,?,?,?,?,?,?,?,?,?,?,?) returning user_id
Hibernate: insert into users (birth_date,city,country,created_at,email,email_verification_token,email_verification_token_expiration,email_verified,first_name,is_active,last_login,last_name,password,password_verification_token,password_verification_token_expiration,phone_number,role,type,unread_count_notifications,updated_at,url_image_user) values (?,?,?,?,?,?,?,?,?,?,?,?,?,?,?,?,?,?,?,?,?) returning user_id
Hibernate: insert into users (birth_date,city,country,created_at,email,email_verification_token,email_verification_token_expiration,email_verified,first_name,is_active,last_login,last_name,password,password_verification_token,password_verification_token_expiration,phone_number,role,type,unread_count_notifications,updated_at,url_image_user) values (?,?,?,?,?,?,?,?,?,?,?,?,?,?,?,?,?,?,?,?,?) returning user_id
Hibernate: insert into users (birth_date,city,country,created_at,email,email_verification_token,email_verification_token_expiration,email_verified,first_name,is_active,last_login,last_name,password,password_verification_token,password_verification_token_expiration,phone_number,role,type,unread_count_notifications,updated_at,url_image_user) values (?,?,?,?,?,?,?,?,?,?,?,?,?,?,?,?,?,?,?,?,?) returning user_id
Hibernate: insert into users (birth_date,city,country,created_at,email,email_verification_token,email_verification_token_expiration,email_verified,first_name,is_active,last_login,last_name,password,password_verification_token,password_verification_token_expiration,phone_number,role,type,unread_count_notifications,updated_at,url_image_user) values (?,?,?,?,?,?,?,?,?,?,?,?,?,?,?,?,?,?,?,?,?) returning user_id
Hibernate: insert into users (birth_date,city,country,created_at,email,email_verification_token,email_verification_token_expiration,email_verified,first_name,is_active,last_login,last_name,password,password_verification_token,password_verification_token_expiration,phone_number,role,type,unread_count_notifications,updated_at,url_image_user) values (?,?,?,?,?,?,?,?,?,?,?,?,?,?,?,?,?,?,?,?,?) returning user_id
Hibernate: insert into users (birth_date,city,country,created_at,email,email_verification_token,email_verification_token_expiration,email_verified,first_name,is_active,last_login,last_name,password,password_verification_token,password_verification_token_expiration,phone_number,role,type,unread_count_notifications,updated_at,url_image_user) values (?,?,?,?,?,?,?,?,?,?,?,?,?,?,?,?,?,?,?,?,?) returning user_id
Hibernate: insert into users (birth_date,city,country,created_at,email,email_verification_token,email_verification_token_expiration,email_verified,first_name,is_active,last_login,last_name,password,password_verification_token,password_verification_token_expiration,phone_number,role,type,unread_count_notifications,updated_at,url_image_user) values (?,?,?,?,?,?,?,?,?,?,?,?,?,?,?,?,?,?,?,?,?) returning user_id
Hibernate: insert into users (birth_date,city,country,created_at,email,email_verification_token,email_verification_token_expiration,email_verified,first_name,is_active,last_login,last_name,password,password_verification_token,password_verification_token_expiration,phone_number,role,type,unread_count_notifications,updated_at,url_image_user) values (?,?,?,?,?,?,?,?,?,?,?,?,?,?,?,?,?,?,?,?,?) returning user_id
Hibernate: insert into users (birth_date,city,country,created_at,email,email_verification_token,email_verification_token_expiration,email_verified,first_name,is_active,last_login,last_name,password,password_verification_token,password_verification_token_expiration,phone_number,role,type,unread_count_notifications,updated_at,url_image_user) values (?,?,?,?,?,?,?,?,?,?,?,?,?,?,?,?,?,?,?,?,?) returning user_id
Hibernate: insert into users (birth_date,city,country,created_at,email,email_verification_token,email_verification_token_expiration,email_verified,first_name,is_active,last_login,last_name,password,password_verification_token,password_verification_token_expiration,phone_number,role,type,unread_count_notifications,updated_at,url_image_user) values (?,?,?,?,?,?,?,?,?,?,?,?,?,?,?,?,?,?,?,?,?) returning user_id
Hibernate: insert into users (birth_date,city,country,created_at,email,email_verification_token,email_verification_token_expiration,email_verified,first_name,is_active,last_login,last_name,password,password_verification_token,password_verification_token_expiration,phone_number,role,type,unread_count_notifications,updated_at,url_image_user) values (?,?,?,?,?,?,?,?,?,?,?,?,?,?,?,?,?,?,?,?,?) returning user_id
Hibernate: insert into users (birth_date,city,country,created_at,email,email_verification_token,email_verification_token_expiration,email_verified,first_name,is_active,last_login,last_name,password,password_verification_token,password_verification_token_expiration,phone_number,role,type,unread_count_notifications,updated_at,url_image_user) values (?,?,?,?,?,?,?,?,?,?,?,?,?,?,?,?,?,?,?,?,?) returning user_id
Hibernate: insert into users (birth_date,city,country,created_at,email,email_verification_token,email_verification_token_expiration,email_verified,first_name,is_active,last_login,last_name,password,password_verification_token,password_verification_token_expiration,phone_number,role,type,unread_count_notifications,updated_at,url_image_user) values (?,?,?,?,?,?,?,?,?,?,?,?,?,?,?,?,?,?,?,?,?) returning user_id
Hibernate: insert into users (birth_date,city,country,created_at,email,email_verification_token,email_verification_token_expiration,email_verified,first_name,is_active,last_login,last_name,password,password_verification_token,password_verification_token_expiration,phone_number,role,type,unread_count_notifications,updated_at,url_image_user) values (?,?,?,?,?,?,?,?,?,?,?,?,?,?,?,?,?,?,?,?,?) returning user_id
Hibernate: insert into users (birth_date,city,country,created_at,email,email_verification_token,email_verification_token_expiration,email_verified,first_name,is_active,last_login,last_name,password,password_verification_token,password_verification_token_expiration,phone_number,role,type,unread_count_notifications,updated_at,url_image_user) values (?,?,?,?,?,?,?,?,?,?,?,?,?,?,?,?,?,?,?,?,?) returning user_id
Hibernate: insert into users (birth_date,city,country,created_at,email,email_verification_token,email_verification_token_expiration,email_verified,first_name,is_active,last_login,last_name,password,password_verification_token,password_verification_token_expiration,phone_number,role,type,unread_count_notifications,updated_at,url_image_user) values (?,?,?,?,?,?,?,?,?,?,?,?,?,?,?,?,?,?,?,?,?) returning user_id
Hibernate: insert into users (birth_date,city,country,created_at,email,email_verification_token,email_verification_token_expiration,email_verified,first_name,is_active,last_login,last_name,password,password_verification_token,password_verification_token_expiration,phone_number,role,type,unread_count_notifications,updated_at,url_image_user) values (?,?,?,?,?,?,?,?,?,?,?,?,?,?,?,?,?,?,?,?,?) returning user_id
Hibernate: insert into users (birth_date,city,country,created_at,email,email_verification_token,email_verification_token_expiration,email_verified,first_name,is_active,last_login,last_name,password,password_verification_token,password_verification_token_expiration,phone_number,role,type,unread_count_notifications,updated_at,url_image_user) values (?,?,?,?,?,?,?,?,?,?,?,?,?,?,?,?,?,?,?,?,?) returning user_id
Hibernate: insert into users (birth_date,city,country,created_at,email,email_verification_token,email_verification_token_expiration,email_verified,first_name,is_active,last_login,last_name,password,password_verification_token,password_verification_token_expiration,phone_number,role,type,unread_count_notifications,updated_at,url_image_user) values (?,?,?,?,?,?,?,?,?,?,?,?,?,?,?,?,?,?,?,?,?) returning user_id
Hibernate: insert into users (birth_date,city,country,created_at,email,email_verification_token,email_verification_token_expiration,email_verified,first_name,is_active,last_login,last_name,password,password_verification_token,password_verification_token_expiration,phone_number,role,type,unread_count_notifications,updated_at,url_image_user) values (?,?,?,?,?,?,?,?,?,?,?,?,?,?,?,?,?,?,?,?,?) returning user_id
Hibernate: insert into users (birth_date,city,country,created_at,email,email_verification_token,email_verification_token_expiration,email_verified,first_name,is_active,last_login,last_name,password,password_verification_token,password_verification_token_expiration,phone_number,role,type,unread_count_notifications,updated_at,url_image_user) values (?,?,?,?,?,?,?,?,?,?,?,?,?,?,?,?,?,?,?,?,?) returning user_id
Hibernate: insert into users (birth_date,city,country,created_at,email,email_verification_token,email_verification_token_expiration,email_verified,first_name,is_active,last_login,last_name,password,password_verification_token,password_verification_token_expiration,phone_number,role,type,unread_count_notifications,updated_at,url_image_user) values (?,?,?,?,?,?,?,?,?,?,?,?,?,?,?,?,?,?,?,?,?) returning user_id
Hibernate: insert into users (birth_date,city,country,created_at,email,email_verification_token,email_verification_token_expiration,email_verified,first_name,is_active,last_login,last_name,password,password_verification_token,password_verification_token_expiration,phone_number,role,type,unread_count_notifications,updated_at,url_image_user) values (?,?,?,?,?,?,?,?,?,?,?,?,?,?,?,?,?,?,?,?,?) returning user_id
Hibernate: insert into users (birth_date,city,country,created_at,email,email_verification_token,email_verification_token_expiration,email_verified,first_name,is_active,last_login,last_name,password,password_verification_token,password_verification_token_expiration,phone_number,role,type,unread_count_notifications,updated_at,url_image_user) values (?,?,?,?,?,?,?,?,?,?,?,?,?,?,?,?,?,?,?,?,?) returning user_id
Hibernate: insert into users (birth_date,city,country,created_at,email,email_verification_token,email_verification_token_expiration,email_verified,first_name,is_active,last_login,last_name,password,password_verification_token,password_verification_token_expiration,phone_number,role,type,unread_count_notifications,updated_at,url_image_user) values (?,?,?,?,?,?,?,?,?,?,?,?,?,?,?,?,?,?,?,?,?) returning user_id
Hibernate: insert into users (birth_date,city,country,created_at,email,email_verification_token,email_verification_token_expiration,email_verified,first_name,is_active,last_login,last_name,password,password_verification_token,password_verification_token_expiration,phone_number,role,type,unread_count_notifications,updated_at,url_image_user) values (?,?,?,?,?,?,?,?,?,?,?,?,?,?,?,?,?,?,?,?,?) returning user_id
Hibernate: insert into users (birth_date,city,country,created_at,email,email_verification_token,email_verification_token_expiration,email_verified,first_name,is_active,last_login,last_name,password,password_verification_token,password_verification_token_expiration,phone_number,role,type,unread_count_notifications,updated_at,url_image_user) values (?,?,?,?,?,?,?,?,?,?,?,?,?,?,?,?,?,?,?,?,?) returning user_id
Hibernate: insert into users (birth_date,city,country,created_at,email,email_verification_token,email_verification_token_expiration,email_verified,first_name,is_active,last_login,last_name,password,password_verification_token,password_verification_token_expiration,phone_number,role,type,unread_count_notifications,updated_at,url_image_user) values (?,?,?,?,?,?,?,?,?,?,?,?,?,?,?,?,?,?,?,?,?) returning user_id
Hibernate: insert into users (birth_date,city,country,created_at,email,email_verification_token,email_verification_token_expiration,email_verified,first_name,is_active,last_login,last_name,password,password_verification_token,password_verification_token_expiration,phone_number,role,type,unread_count_notifications,updated_at,url_image_user) values (?,?,?,?,?,?,?,?,?,?,?,?,?,?,?,?,?,?,?,?,?) returning user_id
Hibernate: insert into users (birth_date,city,country,created_at,email,email_verification_token,email_verification_token_expiration,email_verified,first_name,is_active,last_login,last_name,password,password_verification_token,password_verification_token_expiration,phone_number,role,type,unread_count_notifications,updated_at,url_image_user) values (?,?,?,?,?,?,?,?,?,?,?,?,?,?,?,?,?,?,?,?,?) returning user_id
Hibernate: insert into users (birth_date,city,country,created_at,email,email_verification_token,email_verification_token_expiration,email_verified,first_name,is_active,last_login,last_name,password,password_verification_token,password_verification_token_expiration,phone_number,role,type,unread_count_notifications,updated_at,url_image_user) values (?,?,?,?,?,?,?,?,?,?,?,?,?,?,?,?,?,?,?,?,?) returning user_id
Hibernate: insert into users (birth_date,city,country,created_at,email,email_verification_token,email_verification_token_expiration,email_verified,first_name,is_active,last_login,last_name,password,password_verification_token,password_verification_token_expiration,phone_number,role,type,unread_count_notifications,updated_at,url_image_user) values (?,?,?,?,?,?,?,?,?,?,?,?,?,?,?,?,?,?,?,?,?) returning user_id
Hibernate: insert into users (birth_date,city,country,created_at,email,email_verification_token,email_verification_token_expiration,email_verified,first_name,is_active,last_login,last_name,password,password_verification_token,password_verification_token_expiration,phone_number,role,type,unread_count_notifications,updated_at,url_image_user) values (?,?,?,?,?,?,?,?,?,?,?,?,?,?,?,?,?,?,?,?,?) returning user_id
Hibernate: insert into users (birth_date,city,country,created_at,email,email_verification_token,email_verification_token_expiration,email_verified,first_name,is_active,last_login,last_name,password,password_verification_token,password_verification_token_expiration,phone_number,role,type,unread_count_notifications,updated_at,url_image_user) values (?,?,?,?,?,?,?,?,?,?,?,?,?,?,?,?,?,?,?,?,?) returning user_id
Hibernate: insert into users (birth_date,city,country,created_at,email,email_verification_token,email_verification_token_expiration,email_verified,first_name,is_active,last_login,last_name,password,password_verification_token,password_verification_token_expiration,phone_number,role,type,unread_count_notifications,updated_at,url_image_user) values (?,?,?,?,?,?,?,?,?,?,?,?,?,?,?,?,?,?,?,?,?) returning user_id
Hibernate: insert into users (birth_date,city,country,created_at,email,email_verification_token,email_verification_token_expiration,email_verified,first_name,is_active,last_login,last_name,password,password_verification_token,password_verification_token_expiration,phone_number,role,type,unread_count_notifications,updated_at,url_image_user) values (?,?,?,?,?,?,?,?,?,?,?,?,?,?,?,?,?,?,?,?,?) returning user_id
Hibernate: insert into users (birth_date,city,country,created_at,email,email_verification_token,email_verification_token_expiration,email_verified,first_name,is_active,last_login,last_name,password,password_verification_token,password_verification_token_expiration,phone_number,role,type,unread_count_notifications,updated_at,url_image_user) values (?,?,?,?,?,?,?,?,?,?,?,?,?,?,?,?,?,?,?,?,?) returning user_id
Hibernate: insert into users (birth_date,city,country,created_at,email,email_verification_token,email_verification_token_expiration,email_verified,first_name,is_active,last_login,last_name,password,password_verification_token,password_verification_token_expiration,phone_number,role,type,unread_count_notifications,updated_at,url_image_user) values (?,?,?,?,?,?,?,?,?,?,?,?,?,?,?,?,?,?,?,?,?) returning user_id
Hibernate: insert into users (birth_date,city,country,created_at,email,email_verification_token,email_verification_token_expiration,email_verified,first_name,is_active,last_login,last_name,password,password_verification_token,password_verification_token_expiration,phone_number,role,type,unread_count_notifications,updated_at,url_image_user) values (?,?,?,?,?,?,?,?,?,?,?,?,?,?,?,?,?,?,?,?,?) returning user_id
Hibernate: insert into users (birth_date,city,country,created_at,email,email_verification_token,email_verification_token_expiration,email_verified,first_name,is_active,last_login,last_name,password,password_verification_token,password_verification_token_expiration,phone_number,role,type,unread_count_notifications,updated_at,url_image_user) values (?,?,?,?,?,?,?,?,?,?,?,?,?,?,?,?,?,?,?,?,?) returning user_id
Hibernate: insert into users (birth_date,city,country,created_at,email,email_verification_token,email_verification_token_expiration,email_verified,first_name,is_active,last_login,last_name,password,password_verification_token,password_verification_token_expiration,phone_number,role,type,unread_count_notifications,updated_at,url_image_user) values (?,?,?,?,?,?,?,?,?,?,?,?,?,?,?,?,?,?,?,?,?) returning user_id
Hibernate: insert into users (birth_date,city,country,created_at,email,email_verification_token,email_verification_token_expiration,email_verified,first_name,is_active,last_login,last_name,password,password_verification_token,password_verification_token_expiration,phone_number,role,type,unread_count_notifications,updated_at,url_image_user) values (?,?,?,?,?,?,?,?,?,?,?,?,?,?,?,?,?,?,?,?,?) returning user_id
Hibernate: insert into users (birth_date,city,country,created_at,email,email_verification_token,email_verification_token_expiration,email_verified,first_name,is_active,last_login,last_name,password,password_verification_token,password_verification_token_expiration,phone_number,role,type,unread_count_notifications,updated_at,url_image_user) values (?,?,?,?,?,?,?,?,?,?,?,?,?,?,?,?,?,?,?,?,?) returning user_id
Hibernate: insert into users (birth_date,city,country,created_at,email,email_verification_token,email_verification_token_expiration,email_verified,first_name,is_active,last_login,last_name,password,password_verification_token,password_verification_token_expiration,phone_number,role,type,unread_count_notifications,updated_at,url_image_user) values (?,?,?,?,?,?,?,?,?,?,?,?,?,?,?,?,?,?,?,?,?) returning user_id
Hibernate: insert into users (birth_date,city,country,created_at,email,email_verification_token,email_verification_token_expiration,email_verified,first_name,is_active,last_login,last_name,password,password_verification_token,password_verification_token_expiration,phone_number,role,type,unread_count_notifications,updated_at,url_image_user) values (?,?,?,?,?,?,?,?,?,?,?,?,?,?,?,?,?,?,?,?,?) returning user_id
Hibernate: insert into users (birth_date,city,country,created_at,email,email_verification_token,email_verification_token_expiration,email_verified,first_name,is_active,last_login,last_name,password,password_verification_token,password_verification_token_expiration,phone_number,role,type,unread_count_notifications,updated_at,url_image_user) values (?,?,?,?,?,?,?,?,?,?,?,?,?,?,?,?,?,?,?,?,?) returning user_id
Hibernate: insert into users (birth_date,city,country,created_at,email,email_verification_token,email_verification_token_expiration,email_verified,first_name,is_active,last_login,last_name,password,password_verification_token,password_verification_token_expiration,phone_number,role,type,unread_count_notifications,updated_at,url_image_user) values (?,?,?,?,?,?,?,?,?,?,?,?,?,?,?,?,?,?,?,?,?) returning user_id
Hibernate: insert into users (birth_date,city,country,created_at,email,email_verification_token,email_verification_token_expiration,email_verified,first_name,is_active,last_login,last_name,password,password_verification_token,password_verification_token_expiration,phone_number,role,type,unread_count_notifications,updated_at,url_image_user) values (?,?,?,?,?,?,?,?,?,?,?,?,?,?,?,?,?,?,?,?,?) returning user_id
Hibernate: insert into users (birth_date,city,country,created_at,email,email_verification_token,email_verification_token_expiration,email_verified,first_name,is_active,last_login,last_name,password,password_verification_token,password_verification_token_expiration,phone_number,role,type,unread_count_notifications,updated_at,url_image_user) values (?,?,?,?,?,?,?,?,?,?,?,?,?,?,?,?,?,?,?,?,?) returning user_id
Hibernate: insert into users (birth_date,city,country,created_at,email,email_verification_token,email_verification_token_expiration,email_verified,first_name,is_active,last_login,last_name,password,password_verification_token,password_verification_token_expiration,phone_number,role,type,unread_count_notifications,updated_at,url_image_user) values (?,?,?,?,?,?,?,?,?,?,?,?,?,?,?,?,?,?,?,?,?) returning user_id
Hibernate: insert into users (birth_date,city,country,created_at,email,email_verification_token,email_verification_token_expiration,email_verified,first_name,is_active,last_login,last_name,password,password_verification_token,password_verification_token_expiration,phone_number,role,type,unread_count_notifications,updated_at,url_image_user) values (?,?,?,?,?,?,?,?,?,?,?,?,?,?,?,?,?,?,?,?,?) returning user_id
Hibernate: insert into users (birth_date,city,country,created_at,email,email_verification_token,email_verification_token_expiration,email_verified,first_name,is_active,last_login,last_name,password,password_verification_token,password_verification_token_expiration,phone_number,role,type,unread_count_notifications,updated_at,url_image_user) values (?,?,?,?,?,?,?,?,?,?,?,?,?,?,?,?,?,?,?,?,?) returning user_id
Hibernate: select u1_0.user_id,u1_0.birth_date,u1_0.city,u1_0.country,u1_0.created_at,u1_0.email,u1_0.email_verification_token,u1_0.email_verification_token_expiration,u1_0.email_verified,u1_0.first_name,u1_0.is_active,u1_0.last_login,u1_0.last_name,u1_0.password,u1_0.password_verification_token,u1_0.password_verification_token_expiration,u1_0.phone_number,u1_0.role,u1_0.type,u1_0.unread_count_notifications,u1_0.updated_at,u1_0.url_image_user from users u1_0
Hibernate: insert into vehicles (category,climatisation,color,condition,created_at,description,fuel_type,gearbox,klm_counter,mark,model,type,updated_at,year) values (?,?,?,?,?,?,?,?,?,?,?,?,?,?) returning vehicle_id
Hibernate: select u1_0.user_id,u1_0.birth_date,u1_0.city,u1_0.country,u1_0.created_at,u1_0.email,u1_0.email_verification_token,u1_0.email_verification_token_expiration,u1_0.email_verified,u1_0.first_name,u1_0.is_active,u1_0.last_login,u1_0.last_name,u1_0.password,u1_0.password_verification_token,u1_0.password_verification_token_expiration,u1_0.phone_number,u1_0.role,u1_0.type,u1_0.unread_count_notifications,u1_0.updated_at,u1_0.url_image_user from users u1_0 where u1_0.user_id=?
Hibernate: insert into annonces (annonce_state,city,country,created_at,end_date,phone_number,premium,price,quantity,start_date,title,transaction,updated_at,vehicle_id,vendor_id) values (?,?,?,?,?,?,?,?,?,?,?,?,?,?,?) returning annonce_id
Hibernate: select a1_0.annonce_id,a1_0.annonce_state,a1_0.city,a1_0.country,a1_0.created_at,a1_0.end_date,a1_0.phone_number,a1_0.premium,a1_0.price,a1_0.quantity,a1_0.start_date,a1_0.title,a1_0.transaction,a1_0.updated_at,v1_0.vehicle_id,v1_0.category,v1_0.climatisation,v1_0.color,v1_0.condition,v1_0.created_at,v1_0.description,v1_0.fuel_type,v1_0.gearbox,v1_0.klm_counter,v1_0.mark,v1_0.model,v1_0.type,v1_0.updated_at,v1_0.year,a1_0.vendor_id,v2_0.user_id,v2_0.birth_date,v2_0.city,v2_0.country,v2_0.created_at,v2_0.email,v2_0.email_verification_token,v2_0.email_verification_token_expiration,v2_0.email_verified,v2_0.first_name,v2_0.is_active,v2_0.last_login,v2_0.last_name,v2_0.password,v2_0.password_verification_token,v2_0.password_verification_token_expiration,v2_0.phone_number,v2_0.role,v2_0.type,v2_0.unread_count_notifications,v2_0.updated_at,v2_0.url_image_user from annonces a1_0 left join vehicles v1_0 on v1_0.vehicle_id=a1_0.vehicle_id join users v2_0 on v2_0.user_id=a1_0.vendor_id where a1_0.annonce_id=?
Hibernate: insert into images (annonce_id,created_at,image_url,updated_at) values (?,?,?,?) returning image_id
Hibernate: select a1_0.annonce_id,a1_0.annonce_state,a1_0.city,a1_0.country,a1_0.created_at,a1_0.end_date,a1_0.phone_number,a1_0.premium,a1_0.price,a1_0.quantity,a1_0.start_date,a1_0.title,a1_0.transaction,a1_0.updated_at,v1_0.vehicle_id,v1_0.category,v1_0.climatisation,v1_0.color,v1_0.condition,v1_0.created_at,v1_0.description,v1_0.fuel_type,v1_0.gearbox,v1_0.klm_counter,v1_0.mark,v1_0.model,v1_0.type,v1_0.updated_at,v1_0.year,a1_0.vendor_id,v2_0.user_id,v2_0.birth_date,v2_0.city,v2_0.country,v2_0.created_at,v2_0.email,v2_0.email_verification_token,v2_0.email_verification_token_expiration,v2_0.email_verified,v2_0.first_name,v2_0.is_active,v2_0.last_login,v2_0.last_name,v2_0.password,v2_0.password_verification_token,v2_0.password_verification_token_expiration,v2_0.phone_number,v2_0.role,v2_0.type,v2_0.unread_count_notifications,v2_0.updated_at,v2_0.url_image_user from annonces a1_0 left join vehicles v1_0 on v1_0.vehicle_id=a1_0.vehicle_id join users v2_0 on v2_0.user_id=a1_0.vendor_id where a1_0.annonce_id=?
Hibernate: insert into images (annonce_id,created_at,image_url,updated_at) values (?,?,?,?) returning image_id
Hibernate: insert into vehicles (category,climatisation,color,condition,created_at,description,fuel_type,gearbox,klm_counter,mark,model,type,updated_at,year) values (?,?,?,?,?,?,?,?,?,?,?,?,?,?) returning vehicle_id
Hibernate: select u1_0.user_id,u1_0.birth_date,u1_0.city,u1_0.country,u1_0.created_at,u1_0.email,u1_0.email_verification_token,u1_0.email_verification_token_expiration,u1_0.email_verified,u1_0.first_name,u1_0.is_active,u1_0.last_login,u1_0.last_name,u1_0.password,u1_0.password_verification_token,u1_0.password_verification_token_expiration,u1_0.phone_number,u1_0.role,u1_0.type,u1_0.unread_count_notifications,u1_0.updated_at,u1_0.url_image_user from users u1_0 where u1_0.user_id=?
Hibernate: insert into annonces (annonce_state,city,country,created_at,end_date,phone_number,premium,price,quantity,start_date,title,transaction,updated_at,vehicle_id,vendor_id) values (?,?,?,?,?,?,?,?,?,?,?,?,?,?,?) returning annonce_id
Hibernate: select a1_0.annonce_id,a1_0.annonce_state,a1_0.city,a1_0.country,a1_0.created_at,a1_0.end_date,a1_0.phone_number,a1_0.premium,a1_0.price,a1_0.quantity,a1_0.start_date,a1_0.title,a1_0.transaction,a1_0.updated_at,v1_0.vehicle_id,v1_0.category,v1_0.climatisation,v1_0.color,v1_0.condition,v1_0.created_at,v1_0.description,v1_0.fuel_type,v1_0.gearbox,v1_0.klm_counter,v1_0.mark,v1_0.model,v1_0.type,v1_0.updated_at,v1_0.year,a1_0.vendor_id,v2_0.user_id,v2_0.birth_date,v2_0.city,v2_0.country,v2_0.created_at,v2_0.email,v2_0.email_verification_token,v2_0.email_verification_token_expiration,v2_0.email_verified,v2_0.first_name,v2_0.is_active,v2_0.last_login,v2_0.last_name,v2_0.password,v2_0.password_verification_token,v2_0.password_verification_token_expiration,v2_0.phone_number,v2_0.role,v2_0.type,v2_0.unread_count_notifications,v2_0.updated_at,v2_0.url_image_user from annonces a1_0 left join vehicles v1_0 on v1_0.vehicle_id=a1_0.vehicle_id join users v2_0 on v2_0.user_id=a1_0.vendor_id where a1_0.annonce_id=?
Hibernate: insert into images (annonce_id,created_at,image_url,updated_at) values (?,?,?,?) returning image_id
Hibernate: select a1_0.annonce_id,a1_0.annonce_state,a1_0.city,a1_0.country,a1_0.created_at,a1_0.end_date,a1_0.phone_number,a1_0.premium,a1_0.price,a1_0.quantity,a1_0.start_date,a1_0.title,a1_0.transaction,a1_0.updated_at,v1_0.vehicle_id,v1_0.category,v1_0.climatisation,v1_0.color,v1_0.condition,v1_0.created_at,v1_0.description,v1_0.fuel_type,v1_0.gearbox,v1_0.klm_counter,v1_0.mark,v1_0.model,v1_0.type,v1_0.updated_at,v1_0.year,a1_0.vendor_id,v2_0.user_id,v2_0.birth_date,v2_0.city,v2_0.country,v2_0.created_at,v2_0.email,v2_0.email_verification_token,v2_0.email_verification_token_expiration,v2_0.email_verified,v2_0.first_name,v2_0.is_active,v2_0.last_login,v2_0.last_name,v2_0.password,v2_0.password_verification_token,v2_0.password_verification_token_expiration,v2_0.phone_number,v2_0.role,v2_0.type,v2_0.unread_count_notifications,v2_0.updated_at,v2_0.url_image_user from annonces a1_0 left join vehicles v1_0 on v1_0.vehicle_id=a1_0.vehicle_id join users v2_0 on v2_0.user_id=a1_0.vendor_id where a1_0.annonce_id=?
Hibernate: insert into images (annonce_id,created_at,image_url,updated_at) values (?,?,?,?) returning image_id
Hibernate: insert into vehicles (category,climatisation,color,condition,created_at,description,fuel_type,gearbox,klm_counter,mark,model,type,updated_at,year) values (?,?,?,?,?,?,?,?,?,?,?,?,?,?) returning vehicle_id
Hibernate: select u1_0.user_id,u1_0.birth_date,u1_0.city,u1_0.country,u1_0.created_at,u1_0.email,u1_0.email_verification_token,u1_0.email_verification_token_expiration,u1_0.email_verified,u1_0.first_name,u1_0.is_active,u1_0.last_login,u1_0.last_name,u1_0.password,u1_0.password_verification_token,u1_0.password_verification_token_expiration,u1_0.phone_number,u1_0.role,u1_0.type,u1_0.unread_count_notifications,u1_0.updated_at,u1_0.url_image_user from users u1_0 where u1_0.user_id=?
Hibernate: insert into annonces (annonce_state,city,country,created_at,end_date,phone_number,premium,price,quantity,start_date,title,transaction,updated_at,vehicle_id,vendor_id) values (?,?,?,?,?,?,?,?,?,?,?,?,?,?,?) returning annonce_id
Hibernate: select a1_0.annonce_id,a1_0.annonce_state,a1_0.city,a1_0.country,a1_0.created_at,a1_0.end_date,a1_0.phone_number,a1_0.premium,a1_0.price,a1_0.quantity,a1_0.start_date,a1_0.title,a1_0.transaction,a1_0.updated_at,v1_0.vehicle_id,v1_0.category,v1_0.climatisation,v1_0.color,v1_0.condition,v1_0.created_at,v1_0.description,v1_0.fuel_type,v1_0.gearbox,v1_0.klm_counter,v1_0.mark,v1_0.model,v1_0.type,v1_0.updated_at,v1_0.year,a1_0.vendor_id,v2_0.user_id,v2_0.birth_date,v2_0.city,v2_0.country,v2_0.created_at,v2_0.email,v2_0.email_verification_token,v2_0.email_verification_token_expiration,v2_0.email_verified,v2_0.first_name,v2_0.is_active,v2_0.last_login,v2_0.last_name,v2_0.password,v2_0.password_verification_token,v2_0.password_verification_token_expiration,v2_0.phone_number,v2_0.role,v2_0.type,v2_0.unread_count_notifications,v2_0.updated_at,v2_0.url_image_user from annonces a1_0 left join vehicles v1_0 on v1_0.vehicle_id=a1_0.vehicle_id join users v2_0 on v2_0.user_id=a1_0.vendor_id where a1_0.annonce_id=?
Hibernate: insert into images (annonce_id,created_at,image_url,updated_at) values (?,?,?,?) returning image_id
Hibernate: select a1_0.annonce_id,a1_0.annonce_state,a1_0.city,a1_0.country,a1_0.created_at,a1_0.end_date,a1_0.phone_number,a1_0.premium,a1_0.price,a1_0.quantity,a1_0.start_date,a1_0.title,a1_0.transaction,a1_0.updated_at,v1_0.vehicle_id,v1_0.category,v1_0.climatisation,v1_0.color,v1_0.condition,v1_0.created_at,v1_0.description,v1_0.fuel_type,v1_0.gearbox,v1_0.klm_counter,v1_0.mark,v1_0.model,v1_0.type,v1_0.updated_at,v1_0.year,a1_0.vendor_id,v2_0.user_id,v2_0.birth_date,v2_0.city,v2_0.country,v2_0.created_at,v2_0.email,v2_0.email_verification_token,v2_0.email_verification_token_expiration,v2_0.email_verified,v2_0.first_name,v2_0.is_active,v2_0.last_login,v2_0.last_name,v2_0.password,v2_0.password_verification_token,v2_0.password_verification_token_expiration,v2_0.phone_number,v2_0.role,v2_0.type,v2_0.unread_count_notifications,v2_0.updated_at,v2_0.url_image_user from annonces a1_0 left join vehicles v1_0 on v1_0.vehicle_id=a1_0.vehicle_id join users v2_0 on v2_0.user_id=a1_0.vendor_id where a1_0.annonce_id=?
Hibernate: insert into images (annonce_id,created_at,image_url,updated_at) values (?,?,?,?) returning image_id
Hibernate: insert into vehicles (category,climatisation,color,condition,created_at,description,fuel_type,gearbox,klm_counter,mark,model,type,updated_at,year) values (?,?,?,?,?,?,?,?,?,?,?,?,?,?) returning vehicle_id
Hibernate: select u1_0.user_id,u1_0.birth_date,u1_0.city,u1_0.country,u1_0.created_at,u1_0.email,u1_0.email_verification_token,u1_0.email_verification_token_expiration,u1_0.email_verified,u1_0.first_name,u1_0.is_active,u1_0.last_login,u1_0.last_name,u1_0.password,u1_0.password_verification_token,u1_0.password_verification_token_expiration,u1_0.phone_number,u1_0.role,u1_0.type,u1_0.unread_count_notifications,u1_0.updated_at,u1_0.url_image_user from users u1_0 where u1_0.user_id=?
Hibernate: insert into annonces (annonce_state,city,country,created_at,end_date,phone_number,premium,price,quantity,start_date,title,transaction,updated_at,vehicle_id,vendor_id) values (?,?,?,?,?,?,?,?,?,?,?,?,?,?,?) returning annonce_id
Hibernate: select a1_0.annonce_id,a1_0.annonce_state,a1_0.city,a1_0.country,a1_0.created_at,a1_0.end_date,a1_0.phone_number,a1_0.premium,a1_0.price,a1_0.quantity,a1_0.start_date,a1_0.title,a1_0.transaction,a1_0.updated_at,v1_0.vehicle_id,v1_0.category,v1_0.climatisation,v1_0.color,v1_0.condition,v1_0.created_at,v1_0.description,v1_0.fuel_type,v1_0.gearbox,v1_0.klm_counter,v1_0.mark,v1_0.model,v1_0.type,v1_0.updated_at,v1_0.year,a1_0.vendor_id,v2_0.user_id,v2_0.birth_date,v2_0.city,v2_0.country,v2_0.created_at,v2_0.email,v2_0.email_verification_token,v2_0.email_verification_token_expiration,v2_0.email_verified,v2_0.first_name,v2_0.is_active,v2_0.last_login,v2_0.last_name,v2_0.password,v2_0.password_verification_token,v2_0.password_verification_token_expiration,v2_0.phone_number,v2_0.role,v2_0.type,v2_0.unread_count_notifications,v2_0.updated_at,v2_0.url_image_user from annonces a1_0 left join vehicles v1_0 on v1_0.vehicle_id=a1_0.vehicle_id join users v2_0 on v2_0.user_id=a1_0.vendor_id where a1_0.annonce_id=?
Hibernate: insert into images (annonce_id,created_at,image_url,updated_at) values (?,?,?,?) returning image_id
Hibernate: select a1_0.annonce_id,a1_0.annonce_state,a1_0.city,a1_0.country,a1_0.created_at,a1_0.end_date,a1_0.phone_number,a1_0.premium,a1_0.price,a1_0.quantity,a1_0.start_date,a1_0.title,a1_0.transaction,a1_0.updated_at,v1_0.vehicle_id,v1_0.category,v1_0.climatisation,v1_0.color,v1_0.condition,v1_0.created_at,v1_0.description,v1_0.fuel_type,v1_0.gearbox,v1_0.klm_counter,v1_0.mark,v1_0.model,v1_0.type,v1_0.updated_at,v1_0.year,a1_0.vendor_id,v2_0.user_id,v2_0.birth_date,v2_0.city,v2_0.country,v2_0.created_at,v2_0.email,v2_0.email_verification_token,v2_0.email_verification_token_expiration,v2_0.email_verified,v2_0.first_name,v2_0.is_active,v2_0.last_login,v2_0.last_name,v2_0.password,v2_0.password_verification_token,v2_0.password_verification_token_expiration,v2_0.phone_number,v2_0.role,v2_0.type,v2_0.unread_count_notifications,v2_0.updated_at,v2_0.url_image_user from annonces a1_0 left join vehicles v1_0 on v1_0.vehicle_id=a1_0.vehicle_id join users v2_0 on v2_0.user_id=a1_0.vendor_id where a1_0.annonce_id=?
Hibernate: insert into images (annonce_id,created_at,image_url,updated_at) values (?,?,?,?) returning image_id
Hibernate: insert into vehicles (category,climatisation,color,condition,created_at,description,fuel_type,gearbox,klm_counter,mark,model,type,updated_at,year) values (?,?,?,?,?,?,?,?,?,?,?,?,?,?) returning vehicle_id
Hibernate: select u1_0.user_id,u1_0.birth_date,u1_0.city,u1_0.country,u1_0.created_at,u1_0.email,u1_0.email_verification_token,u1_0.email_verification_token_expiration,u1_0.email_verified,u1_0.first_name,u1_0.is_active,u1_0.last_login,u1_0.last_name,u1_0.password,u1_0.password_verification_token,u1_0.password_verification_token_expiration,u1_0.phone_number,u1_0.role,u1_0.type,u1_0.unread_count_notifications,u1_0.updated_at,u1_0.url_image_user from users u1_0 where u1_0.user_id=?
Hibernate: insert into annonces (annonce_state,city,country,created_at,end_date,phone_number,premium,price,quantity,start_date,title,transaction,updated_at,vehicle_id,vendor_id) values (?,?,?,?,?,?,?,?,?,?,?,?,?,?,?) returning annonce_id
Hibernate: select a1_0.annonce_id,a1_0.annonce_state,a1_0.city,a1_0.country,a1_0.created_at,a1_0.end_date,a1_0.phone_number,a1_0.premium,a1_0.price,a1_0.quantity,a1_0.start_date,a1_0.title,a1_0.transaction,a1_0.updated_at,v1_0.vehicle_id,v1_0.category,v1_0.climatisation,v1_0.color,v1_0.condition,v1_0.created_at,v1_0.description,v1_0.fuel_type,v1_0.gearbox,v1_0.klm_counter,v1_0.mark,v1_0.model,v1_0.type,v1_0.updated_at,v1_0.year,a1_0.vendor_id,v2_0.user_id,v2_0.birth_date,v2_0.city,v2_0.country,v2_0.created_at,v2_0.email,v2_0.email_verification_token,v2_0.email_verification_token_expiration,v2_0.email_verified,v2_0.first_name,v2_0.is_active,v2_0.last_login,v2_0.last_name,v2_0.password,v2_0.password_verification_token,v2_0.password_verification_token_expiration,v2_0.phone_number,v2_0.role,v2_0.type,v2_0.unread_count_notifications,v2_0.updated_at,v2_0.url_image_user from annonces a1_0 left join vehicles v1_0 on v1_0.vehicle_id=a1_0.vehicle_id join users v2_0 on v2_0.user_id=a1_0.vendor_id where a1_0.annonce_id=?
Hibernate: insert into images (annonce_id,created_at,image_url,updated_at) values (?,?,?,?) returning image_id
Hibernate: select a1_0.annonce_id,a1_0.annonce_state,a1_0.city,a1_0.country,a1_0.created_at,a1_0.end_date,a1_0.phone_number,a1_0.premium,a1_0.price,a1_0.quantity,a1_0.start_date,a1_0.title,a1_0.transaction,a1_0.updated_at,v1_0.vehicle_id,v1_0.category,v1_0.climatisation,v1_0.color,v1_0.condition,v1_0.created_at,v1_0.description,v1_0.fuel_type,v1_0.gearbox,v1_0.klm_counter,v1_0.mark,v1_0.model,v1_0.type,v1_0.updated_at,v1_0.year,a1_0.vendor_id,v2_0.user_id,v2_0.birth_date,v2_0.city,v2_0.country,v2_0.created_at,v2_0.email,v2_0.email_verification_token,v2_0.email_verification_token_expiration,v2_0.email_verified,v2_0.first_name,v2_0.is_active,v2_0.last_login,v2_0.last_name,v2_0.password,v2_0.password_verification_token,v2_0.password_verification_token_expiration,v2_0.phone_number,v2_0.role,v2_0.type,v2_0.unread_count_notifications,v2_0.updated_at,v2_0.url_image_user from annonces a1_0 left join vehicles v1_0 on v1_0.vehicle_id=a1_0.vehicle_id join users v2_0 on v2_0.user_id=a1_0.vendor_id where a1_0.annonce_id=?
Hibernate: insert into images (annonce_id,created_at,image_url,updated_at) values (?,?,?,?) returning image_id
Hibernate: insert into vehicles (category,climatisation,color,condition,created_at,description,fuel_type,gearbox,klm_counter,mark,model,type,updated_at,year) values (?,?,?,?,?,?,?,?,?,?,?,?,?,?) returning vehicle_id
Hibernate: select u1_0.user_id,u1_0.birth_date,u1_0.city,u1_0.country,u1_0.created_at,u1_0.email,u1_0.email_verification_token,u1_0.email_verification_token_expiration,u1_0.email_verified,u1_0.first_name,u1_0.is_active,u1_0.last_login,u1_0.last_name,u1_0.password,u1_0.password_verification_token,u1_0.password_verification_token_expiration,u1_0.phone_number,u1_0.role,u1_0.type,u1_0.unread_count_notifications,u1_0.updated_at,u1_0.url_image_user from users u1_0 where u1_0.user_id=?
Hibernate: insert into annonces (annonce_state,city,country,created_at,end_date,phone_number,premium,price,quantity,start_date,title,transaction,updated_at,vehicle_id,vendor_id) values (?,?,?,?,?,?,?,?,?,?,?,?,?,?,?) returning annonce_id
Hibernate: select a1_0.annonce_id,a1_0.annonce_state,a1_0.city,a1_0.country,a1_0.created_at,a1_0.end_date,a1_0.phone_number,a1_0.premium,a1_0.price,a1_0.quantity,a1_0.start_date,a1_0.title,a1_0.transaction,a1_0.updated_at,v1_0.vehicle_id,v1_0.category,v1_0.climatisation,v1_0.color,v1_0.condition,v1_0.created_at,v1_0.description,v1_0.fuel_type,v1_0.gearbox,v1_0.klm_counter,v1_0.mark,v1_0.model,v1_0.type,v1_0.updated_at,v1_0.year,a1_0.vendor_id,v2_0.user_id,v2_0.birth_date,v2_0.city,v2_0.country,v2_0.created_at,v2_0.email,v2_0.email_verification_token,v2_0.email_verification_token_expiration,v2_0.email_verified,v2_0.first_name,v2_0.is_active,v2_0.last_login,v2_0.last_name,v2_0.password,v2_0.password_verification_token,v2_0.password_verification_token_expiration,v2_0.phone_number,v2_0.role,v2_0.type,v2_0.unread_count_notifications,v2_0.updated_at,v2_0.url_image_user from annonces a1_0 left join vehicles v1_0 on v1_0.vehicle_id=a1_0.vehicle_id join users v2_0 on v2_0.user_id=a1_0.vendor_id where a1_0.annonce_id=?
Hibernate: insert into images (annonce_id,created_at,image_url,updated_at) values (?,?,?,?) returning image_id
Hibernate: select a1_0.annonce_id,a1_0.annonce_state,a1_0.city,a1_0.country,a1_0.created_at,a1_0.end_date,a1_0.phone_number,a1_0.premium,a1_0.price,a1_0.quantity,a1_0.start_date,a1_0.title,a1_0.transaction,a1_0.updated_at,v1_0.vehicle_id,v1_0.category,v1_0.climatisation,v1_0.color,v1_0.condition,v1_0.created_at,v1_0.description,v1_0.fuel_type,v1_0.gearbox,v1_0.klm_counter,v1_0.mark,v1_0.model,v1_0.type,v1_0.updated_at,v1_0.year,a1_0.vendor_id,v2_0.user_id,v2_0.birth_date,v2_0.city,v2_0.country,v2_0.created_at,v2_0.email,v2_0.email_verification_token,v2_0.email_verification_token_expiration,v2_0.email_verified,v2_0.first_name,v2_0.is_active,v2_0.last_login,v2_0.last_name,v2_0.password,v2_0.password_verification_token,v2_0.password_verification_token_expiration,v2_0.phone_number,v2_0.role,v2_0.type,v2_0.unread_count_notifications,v2_0.updated_at,v2_0.url_image_user from annonces a1_0 left join vehicles v1_0 on v1_0.vehicle_id=a1_0.vehicle_id join users v2_0 on v2_0.user_id=a1_0.vendor_id where a1_0.annonce_id=?
Hibernate: insert into images (annonce_id,created_at,image_url,updated_at) values (?,?,?,?) returning image_id
Hibernate: insert into vehicles (category,climatisation,color,condition,created_at,description,fuel_type,gearbox,klm_counter,mark,model,type,updated_at,year) values (?,?,?,?,?,?,?,?,?,?,?,?,?,?) returning vehicle_id
Hibernate: select u1_0.user_id,u1_0.birth_date,u1_0.city,u1_0.country,u1_0.created_at,u1_0.email,u1_0.email_verification_token,u1_0.email_verification_token_expiration,u1_0.email_verified,u1_0.first_name,u1_0.is_active,u1_0.last_login,u1_0.last_name,u1_0.password,u1_0.password_verification_token,u1_0.password_verification_token_expiration,u1_0.phone_number,u1_0.role,u1_0.type,u1_0.unread_count_notifications,u1_0.updated_at,u1_0.url_image_user from users u1_0 where u1_0.user_id=?
Hibernate: insert into annonces (annonce_state,city,country,created_at,end_date,phone_number,premium,price,quantity,start_date,title,transaction,updated_at,vehicle_id,vendor_id) values (?,?,?,?,?,?,?,?,?,?,?,?,?,?,?) returning annonce_id
Hibernate: select a1_0.annonce_id,a1_0.annonce_state,a1_0.city,a1_0.country,a1_0.created_at,a1_0.end_date,a1_0.phone_number,a1_0.premium,a1_0.price,a1_0.quantity,a1_0.start_date,a1_0.title,a1_0.transaction,a1_0.updated_at,v1_0.vehicle_id,v1_0.category,v1_0.climatisation,v1_0.color,v1_0.condition,v1_0.created_at,v1_0.description,v1_0.fuel_type,v1_0.gearbox,v1_0.klm_counter,v1_0.mark,v1_0.model,v1_0.type,v1_0.updated_at,v1_0.year,a1_0.vendor_id,v2_0.user_id,v2_0.birth_date,v2_0.city,v2_0.country,v2_0.created_at,v2_0.email,v2_0.email_verification_token,v2_0.email_verification_token_expiration,v2_0.email_verified,v2_0.first_name,v2_0.is_active,v2_0.last_login,v2_0.last_name,v2_0.password,v2_0.password_verification_token,v2_0.password_verification_token_expiration,v2_0.phone_number,v2_0.role,v2_0.type,v2_0.unread_count_notifications,v2_0.updated_at,v2_0.url_image_user from annonces a1_0 left join vehicles v1_0 on v1_0.vehicle_id=a1_0.vehicle_id join users v2_0 on v2_0.user_id=a1_0.vendor_id where a1_0.annonce_id=?
Hibernate: insert into images (annonce_id,created_at,image_url,updated_at) values (?,?,?,?) returning image_id
Hibernate: select a1_0.annonce_id,a1_0.annonce_state,a1_0.city,a1_0.country,a1_0.created_at,a1_0.end_date,a1_0.phone_number,a1_0.premium,a1_0.price,a1_0.quantity,a1_0.start_date,a1_0.title,a1_0.transaction,a1_0.updated_at,v1_0.vehicle_id,v1_0.category,v1_0.climatisation,v1_0.color,v1_0.condition,v1_0.created_at,v1_0.description,v1_0.fuel_type,v1_0.gearbox,v1_0.klm_counter,v1_0.mark,v1_0.model,v1_0.type,v1_0.updated_at,v1_0.year,a1_0.vendor_id,v2_0.user_id,v2_0.birth_date,v2_0.city,v2_0.country,v2_0.created_at,v2_0.email,v2_0.email_verification_token,v2_0.email_verification_token_expiration,v2_0.email_verified,v2_0.first_name,v2_0.is_active,v2_0.last_login,v2_0.last_name,v2_0.password,v2_0.password_verification_token,v2_0.password_verification_token_expiration,v2_0.phone_number,v2_0.role,v2_0.type,v2_0.unread_count_notifications,v2_0.updated_at,v2_0.url_image_user from annonces a1_0 left join vehicles v1_0 on v1_0.vehicle_id=a1_0.vehicle_id join users v2_0 on v2_0.user_id=a1_0.vendor_id where a1_0.annonce_id=?
Hibernate: insert into images (annonce_id,created_at,image_url,updated_at) values (?,?,?,?) returning image_id
Hibernate: insert into vehicles (category,climatisation,color,condition,created_at,description,fuel_type,gearbox,klm_counter,mark,model,type,updated_at,year) values (?,?,?,?,?,?,?,?,?,?,?,?,?,?) returning vehicle_id
Hibernate: select u1_0.user_id,u1_0.birth_date,u1_0.city,u1_0.country,u1_0.created_at,u1_0.email,u1_0.email_verification_token,u1_0.email_verification_token_expiration,u1_0.email_verified,u1_0.first_name,u1_0.is_active,u1_0.last_login,u1_0.last_name,u1_0.password,u1_0.password_verification_token,u1_0.password_verification_token_expiration,u1_0.phone_number,u1_0.role,u1_0.type,u1_0.unread_count_notifications,u1_0.updated_at,u1_0.url_image_user from users u1_0 where u1_0.user_id=?
Hibernate: insert into annonces (annonce_state,city,country,created_at,end_date,phone_number,premium,price,quantity,start_date,title,transaction,updated_at,vehicle_id,vendor_id) values (?,?,?,?,?,?,?,?,?,?,?,?,?,?,?) returning annonce_id
Hibernate: select a1_0.annonce_id,a1_0.annonce_state,a1_0.city,a1_0.country,a1_0.created_at,a1_0.end_date,a1_0.phone_number,a1_0.premium,a1_0.price,a1_0.quantity,a1_0.start_date,a1_0.title,a1_0.transaction,a1_0.updated_at,v1_0.vehicle_id,v1_0.category,v1_0.climatisation,v1_0.color,v1_0.condition,v1_0.created_at,v1_0.description,v1_0.fuel_type,v1_0.gearbox,v1_0.klm_counter,v1_0.mark,v1_0.model,v1_0.type,v1_0.updated_at,v1_0.year,a1_0.vendor_id,v2_0.user_id,v2_0.birth_date,v2_0.city,v2_0.country,v2_0.created_at,v2_0.email,v2_0.email_verification_token,v2_0.email_verification_token_expiration,v2_0.email_verified,v2_0.first_name,v2_0.is_active,v2_0.last_login,v2_0.last_name,v2_0.password,v2_0.password_verification_token,v2_0.password_verification_token_expiration,v2_0.phone_number,v2_0.role,v2_0.type,v2_0.unread_count_notifications,v2_0.updated_at,v2_0.url_image_user from annonces a1_0 left join vehicles v1_0 on v1_0.vehicle_id=a1_0.vehicle_id join users v2_0 on v2_0.user_id=a1_0.vendor_id where a1_0.annonce_id=?
Hibernate: insert into images (annonce_id,created_at,image_url,updated_at) values (?,?,?,?) returning image_id
Hibernate: select a1_0.annonce_id,a1_0.annonce_state,a1_0.city,a1_0.country,a1_0.created_at,a1_0.end_date,a1_0.phone_number,a1_0.premium,a1_0.price,a1_0.quantity,a1_0.start_date,a1_0.title,a1_0.transaction,a1_0.updated_at,v1_0.vehicle_id,v1_0.category,v1_0.climatisation,v1_0.color,v1_0.condition,v1_0.created_at,v1_0.description,v1_0.fuel_type,v1_0.gearbox,v1_0.klm_counter,v1_0.mark,v1_0.model,v1_0.type,v1_0.updated_at,v1_0.year,a1_0.vendor_id,v2_0.user_id,v2_0.birth_date,v2_0.city,v2_0.country,v2_0.created_at,v2_0.email,v2_0.email_verification_token,v2_0.email_verification_token_expiration,v2_0.email_verified,v2_0.first_name,v2_0.is_active,v2_0.last_login,v2_0.last_name,v2_0.password,v2_0.password_verification_token,v2_0.password_verification_token_expiration,v2_0.phone_number,v2_0.role,v2_0.type,v2_0.unread_count_notifications,v2_0.updated_at,v2_0.url_image_user from annonces a1_0 left join vehicles v1_0 on v1_0.vehicle_id=a1_0.vehicle_id join users v2_0 on v2_0.user_id=a1_0.vendor_id where a1_0.annonce_id=?
Hibernate: insert into images (annonce_id,created_at,image_url,updated_at) values (?,?,?,?) returning image_id
Hibernate: insert into vehicles (category,climatisation,color,condition,created_at,description,fuel_type,gearbox,klm_counter,mark,model,type,updated_at,year) values (?,?,?,?,?,?,?,?,?,?,?,?,?,?) returning vehicle_id
Hibernate: select u1_0.user_id,u1_0.birth_date,u1_0.city,u1_0.country,u1_0.created_at,u1_0.email,u1_0.email_verification_token,u1_0.email_verification_token_expiration,u1_0.email_verified,u1_0.first_name,u1_0.is_active,u1_0.last_login,u1_0.last_name,u1_0.password,u1_0.password_verification_token,u1_0.password_verification_token_expiration,u1_0.phone_number,u1_0.role,u1_0.type,u1_0.unread_count_notifications,u1_0.updated_at,u1_0.url_image_user from users u1_0 where u1_0.user_id=?
Hibernate: insert into annonces (annonce_state,city,country,created_at,end_date,phone_number,premium,price,quantity,start_date,title,transaction,updated_at,vehicle_id,vendor_id) values (?,?,?,?,?,?,?,?,?,?,?,?,?,?,?) returning annonce_id
Hibernate: select a1_0.annonce_id,a1_0.annonce_state,a1_0.city,a1_0.country,a1_0.created_at,a1_0.end_date,a1_0.phone_number,a1_0.premium,a1_0.price,a1_0.quantity,a1_0.start_date,a1_0.title,a1_0.transaction,a1_0.updated_at,v1_0.vehicle_id,v1_0.category,v1_0.climatisation,v1_0.color,v1_0.condition,v1_0.created_at,v1_0.description,v1_0.fuel_type,v1_0.gearbox,v1_0.klm_counter,v1_0.mark,v1_0.model,v1_0.type,v1_0.updated_at,v1_0.year,a1_0.vendor_id,v2_0.user_id,v2_0.birth_date,v2_0.city,v2_0.country,v2_0.created_at,v2_0.email,v2_0.email_verification_token,v2_0.email_verification_token_expiration,v2_0.email_verified,v2_0.first_name,v2_0.is_active,v2_0.last_login,v2_0.last_name,v2_0.password,v2_0.password_verification_token,v2_0.password_verification_token_expiration,v2_0.phone_number,v2_0.role,v2_0.type,v2_0.unread_count_notifications,v2_0.updated_at,v2_0.url_image_user from annonces a1_0 left join vehicles v1_0 on v1_0.vehicle_id=a1_0.vehicle_id join users v2_0 on v2_0.user_id=a1_0.vendor_id where a1_0.annonce_id=?
Hibernate: insert into images (annonce_id,created_at,image_url,updated_at) values (?,?,?,?) returning image_id
Hibernate: select a1_0.annonce_id,a1_0.annonce_state,a1_0.city,a1_0.country,a1_0.created_at,a1_0.end_date,a1_0.phone_number,a1_0.premium,a1_0.price,a1_0.quantity,a1_0.start_date,a1_0.title,a1_0.transaction,a1_0.updated_at,v1_0.vehicle_id,v1_0.category,v1_0.climatisation,v1_0.color,v1_0.condition,v1_0.created_at,v1_0.description,v1_0.fuel_type,v1_0.gearbox,v1_0.klm_counter,v1_0.mark,v1_0.model,v1_0.type,v1_0.updated_at,v1_0.year,a1_0.vendor_id,v2_0.user_id,v2_0.birth_date,v2_0.city,v2_0.country,v2_0.created_at,v2_0.email,v2_0.email_verification_token,v2_0.email_verification_token_expiration,v2_0.email_verified,v2_0.first_name,v2_0.is_active,v2_0.last_login,v2_0.last_name,v2_0.password,v2_0.password_verification_token,v2_0.password_verification_token_expiration,v2_0.phone_number,v2_0.role,v2_0.type,v2_0.unread_count_notifications,v2_0.updated_at,v2_0.url_image_user from annonces a1_0 left join vehicles v1_0 on v1_0.vehicle_id=a1_0.vehicle_id join users v2_0 on v2_0.user_id=a1_0.vendor_id where a1_0.annonce_id=?
Hibernate: insert into images (annonce_id,created_at,image_url,updated_at) values (?,?,?,?) returning image_id
Hibernate: insert into vehicles (category,climatisation,color,condition,created_at,description,fuel_type,gearbox,klm_counter,mark,model,type,updated_at,year) values (?,?,?,?,?,?,?,?,?,?,?,?,?,?) returning vehicle_id
Hibernate: select u1_0.user_id,u1_0.birth_date,u1_0.city,u1_0.country,u1_0.created_at,u1_0.email,u1_0.email_verification_token,u1_0.email_verification_token_expiration,u1_0.email_verified,u1_0.first_name,u1_0.is_active,u1_0.last_login,u1_0.last_name,u1_0.password,u1_0.password_verification_token,u1_0.password_verification_token_expiration,u1_0.phone_number,u1_0.role,u1_0.type,u1_0.unread_count_notifications,u1_0.updated_at,u1_0.url_image_user from users u1_0 where u1_0.user_id=?
Hibernate: insert into annonces (annonce_state,city,country,created_at,end_date,phone_number,premium,price,quantity,start_date,title,transaction,updated_at,vehicle_id,vendor_id) values (?,?,?,?,?,?,?,?,?,?,?,?,?,?,?) returning annonce_id
Hibernate: select a1_0.annonce_id,a1_0.annonce_state,a1_0.city,a1_0.country,a1_0.created_at,a1_0.end_date,a1_0.phone_number,a1_0.premium,a1_0.price,a1_0.quantity,a1_0.start_date,a1_0.title,a1_0.transaction,a1_0.updated_at,v1_0.vehicle_id,v1_0.category,v1_0.climatisation,v1_0.color,v1_0.condition,v1_0.created_at,v1_0.description,v1_0.fuel_type,v1_0.gearbox,v1_0.klm_counter,v1_0.mark,v1_0.model,v1_0.type,v1_0.updated_at,v1_0.year,a1_0.vendor_id,v2_0.user_id,v2_0.birth_date,v2_0.city,v2_0.country,v2_0.created_at,v2_0.email,v2_0.email_verification_token,v2_0.email_verification_token_expiration,v2_0.email_verified,v2_0.first_name,v2_0.is_active,v2_0.last_login,v2_0.last_name,v2_0.password,v2_0.password_verification_token,v2_0.password_verification_token_expiration,v2_0.phone_number,v2_0.role,v2_0.type,v2_0.unread_count_notifications,v2_0.updated_at,v2_0.url_image_user from annonces a1_0 left join vehicles v1_0 on v1_0.vehicle_id=a1_0.vehicle_id join users v2_0 on v2_0.user_id=a1_0.vendor_id where a1_0.annonce_id=?
Hibernate: insert into images (annonce_id,created_at,image_url,updated_at) values (?,?,?,?) returning image_id
Hibernate: select a1_0.annonce_id,a1_0.annonce_state,a1_0.city,a1_0.country,a1_0.created_at,a1_0.end_date,a1_0.phone_number,a1_0.premium,a1_0.price,a1_0.quantity,a1_0.start_date,a1_0.title,a1_0.transaction,a1_0.updated_at,v1_0.vehicle_id,v1_0.category,v1_0.climatisation,v1_0.color,v1_0.condition,v1_0.created_at,v1_0.description,v1_0.fuel_type,v1_0.gearbox,v1_0.klm_counter,v1_0.mark,v1_0.model,v1_0.type,v1_0.updated_at,v1_0.year,a1_0.vendor_id,v2_0.user_id,v2_0.birth_date,v2_0.city,v2_0.country,v2_0.created_at,v2_0.email,v2_0.email_verification_token,v2_0.email_verification_token_expiration,v2_0.email_verified,v2_0.first_name,v2_0.is_active,v2_0.last_login,v2_0.last_name,v2_0.password,v2_0.password_verification_token,v2_0.password_verification_token_expiration,v2_0.phone_number,v2_0.role,v2_0.type,v2_0.unread_count_notifications,v2_0.updated_at,v2_0.url_image_user from annonces a1_0 left join vehicles v1_0 on v1_0.vehicle_id=a1_0.vehicle_id join users v2_0 on v2_0.user_id=a1_0.vendor_id where a1_0.annonce_id=?
Hibernate: insert into images (annonce_id,created_at,image_url,updated_at) values (?,?,?,?) returning image_id
Hibernate: insert into vehicles (category,climatisation,color,condition,created_at,description,fuel_type,gearbox,klm_counter,mark,model,type,updated_at,year) values (?,?,?,?,?,?,?,?,?,?,?,?,?,?) returning vehicle_id
Hibernate: select u1_0.user_id,u1_0.birth_date,u1_0.city,u1_0.country,u1_0.created_at,u1_0.email,u1_0.email_verification_token,u1_0.email_verification_token_expiration,u1_0.email_verified,u1_0.first_name,u1_0.is_active,u1_0.last_login,u1_0.last_name,u1_0.password,u1_0.password_verification_token,u1_0.password_verification_token_expiration,u1_0.phone_number,u1_0.role,u1_0.type,u1_0.unread_count_notifications,u1_0.updated_at,u1_0.url_image_user from users u1_0 where u1_0.user_id=?
Hibernate: insert into annonces (annonce_state,city,country,created_at,end_date,phone_number,premium,price,quantity,start_date,title,transaction,updated_at,vehicle_id,vendor_id) values (?,?,?,?,?,?,?,?,?,?,?,?,?,?,?) returning annonce_id
Hibernate: select a1_0.annonce_id,a1_0.annonce_state,a1_0.city,a1_0.country,a1_0.created_at,a1_0.end_date,a1_0.phone_number,a1_0.premium,a1_0.price,a1_0.quantity,a1_0.start_date,a1_0.title,a1_0.transaction,a1_0.updated_at,v1_0.vehicle_id,v1_0.category,v1_0.climatisation,v1_0.color,v1_0.condition,v1_0.created_at,v1_0.description,v1_0.fuel_type,v1_0.gearbox,v1_0.klm_counter,v1_0.mark,v1_0.model,v1_0.type,v1_0.updated_at,v1_0.year,a1_0.vendor_id,v2_0.user_id,v2_0.birth_date,v2_0.city,v2_0.country,v2_0.created_at,v2_0.email,v2_0.email_verification_token,v2_0.email_verification_token_expiration,v2_0.email_verified,v2_0.first_name,v2_0.is_active,v2_0.last_login,v2_0.last_name,v2_0.password,v2_0.password_verification_token,v2_0.password_verification_token_expiration,v2_0.phone_number,v2_0.role,v2_0.type,v2_0.unread_count_notifications,v2_0.updated_at,v2_0.url_image_user from annonces a1_0 left join vehicles v1_0 on v1_0.vehicle_id=a1_0.vehicle_id join users v2_0 on v2_0.user_id=a1_0.vendor_id where a1_0.annonce_id=?
Hibernate: insert into images (annonce_id,created_at,image_url,updated_at) values (?,?,?,?) returning image_id
[...]
Hibernate: insert into interactions (annonce_id,content,created_at,interaction_type,user_id) values (?,?,?,?,?) returning interaction_id
Hibernate: insert into interactions (annonce_id,content,created_at,interaction_type,user_id) values (?,?,?,?,?) returning interaction_id
Hibernate: insert into interactions (annonce_id,content,created_at,interaction_type,user_id) values (?,?,?,?,?) returning interaction_id
Hibernate: insert into interactions (annonce_id,content,created_at,interaction_type,user_id) values (?,?,?,?,?) returning interaction_id
Hibernate: insert into interactions (annonce_id,content,created_at,interaction_type,user_id) values (?,?,?,?,?) returning interaction_id
Hibernate: insert into interactions (annonce_id,content,created_at,interaction_type,user_id) values (?,?,?,?,?) returning interaction_id
Hibernate: insert into interactions (annonce_id,content,created_at,interaction_type,user_id) values (?,?,?,?,?) returning interaction_id
Hibernate: insert into interactions (annonce_id,content,created_at,interaction_type,user_id) values (?,?,?,?,?) returning interaction_id
Hibernate: insert into interactions (annonce_id,content,created_at,interaction_type,user_id) values (?,?,?,?,?) returning interaction_id
Hibernate: insert into interactions (annonce_id,content,created_at,interaction_type,user_id) values (?,?,?,?,?) returning interaction_id
Hibernate: insert into interactions (annonce_id,content,created_at,interaction_type,user_id) values (?,?,?,?,?) returning interaction_id
Hibernate: insert into interactions (annonce_id,content,created_at,interaction_type,user_id) values (?,?,?,?,?) returning interaction_id
Hibernate: insert into interactions (annonce_id,content,created_at,interaction_type,user_id) values (?,?,?,?,?) returning interaction_id
Hibernate: insert into interactions (annonce_id,content,created_at,interaction_type,user_id) values (?,?,?,?,?) returning interaction_id
Hibernate: insert into interactions (annonce_id,content,created_at,interaction_type,user_id) values (?,?,?,?,?) returning interaction_id
Hibernate: insert into interactions (annonce_id,content,created_at,interaction_type,user_id) values (?,?,?,?,?) returning interaction_id
Hibernate: insert into interactions (annonce_id,content,created_at,interaction_type,user_id) values (?,?,?,?,?) returning interaction_id
Hibernate: insert into interactions (annonce_id,content,created_at,interaction_type,user_id) values (?,?,?,?,?) returning interaction_id
Hibernate: insert into interactions (annonce_id,content,created_at,interaction_type,user_id) values (?,?,?,?,?) returning interaction_id
Hibernate: insert into interactions (annonce_id,content,created_at,interaction_type,user_id) values (?,?,?,?,?) returning interaction_id
Hibernate: insert into interactions (annonce_id,content,created_at,interaction_type,user_id) values (?,?,?,?,?) returning interaction_id
Hibernate: insert into interactions (annonce_id,content,created_at,interaction_type,user_id) values (?,?,?,?,?) returning interaction_id
Hibernate: insert into interactions (annonce_id,content,created_at,interaction_type,user_id) values (?,?,?,?,?) returning interaction_id
Hibernate: insert into interactions (annonce_id,content,created_at,interaction_type,user_id) values (?,?,?,?,?) returning interaction_id
Hibernate: insert into interactions (annonce_id,content,created_at,interaction_type,user_id) values (?,?,?,?,?) returning interaction_id
Hibernate: insert into interactions (annonce_id,content,created_at,interaction_type,user_id) values (?,?,?,?,?) returning interaction_id
Hibernate: insert into interactions (annonce_id,content,created_at,interaction_type,user_id) values (?,?,?,?,?) returning interaction_id
Hibernate: insert into interactions (annonce_id,content,created_at,interaction_type,user_id) values (?,?,?,?,?) returning interaction_id
Hibernate: insert into interactions (annonce_id,content,created_at,interaction_type,user_id) values (?,?,?,?,?) returning interaction_id
Hibernate: insert into interactions (annonce_id,content,created_at,interaction_type,user_id) values (?,?,?,?,?) returning interaction_id
Hibernate: insert into interactions (annonce_id,content,created_at,interaction_type,user_id) values (?,?,?,?,?) returning interaction_id
Hibernate: insert into interactions (annonce_id,content,created_at,interaction_type,user_id) values (?,?,?,?,?) returning interaction_id
Hibernate: insert into interactions (annonce_id,content,created_at,interaction_type,user_id) values (?,?,?,?,?) returning interaction_id
Hibernate: insert into interactions (annonce_id,content,created_at,interaction_type,user_id) values (?,?,?,?,?) returning interaction_id
Hibernate: insert into interactions (annonce_id,content,created_at,interaction_type,user_id) values (?,?,?,?,?) returning interaction_id
Hibernate: insert into interactions (annonce_id,content,created_at,interaction_type,user_id) values (?,?,?,?,?) returning interaction_id
Hibernate: insert into interactions (annonce_id,content,created_at,interaction_type,user_id) values (?,?,?,?,?) returning interaction_id
Hibernate: insert into interactions (annonce_id,content,created_at,interaction_type,user_id) values (?,?,?,?,?) returning interaction_id
Hibernate: insert into interactions (annonce_id,content,created_at,interaction_type,user_id) values (?,?,?,?,?) returning interaction_id
Hibernate: insert into interactions (annonce_id,content,created_at,interaction_type,user_id) values (?,?,?,?,?) returning interaction_id
Hibernate: insert into interactions (annonce_id,content,created_at,interaction_type,user_id) values (?,?,?,?,?) returning interaction_id
Hibernate: insert into interactions (annonce_id,content,created_at,interaction_type,user_id) values (?,?,?,?,?) returning interaction_id
Hibernate: insert into interactions (annonce_id,content,created_at,interaction_type,user_id) values (?,?,?,?,?) returning interaction_id
Hibernate: insert into interactions (annonce_id,content,created_at,interaction_type,user_id) values (?,?,?,?,?) returning interaction_id
Hibernate: insert into interactions (annonce_id,content,created_at,interaction_type,user_id) values (?,?,?,?,?) returning interaction_id
Hibernate: insert into interactions (annonce_id,content,created_at,interaction_type,user_id) values (?,?,?,?,?) returning interaction_id
Hibernate: insert into interactions (annonce_id,content,created_at,interaction_type,user_id) values (?,?,?,?,?) returning interaction_id
Hibernate: insert into interactions (annonce_id,content,created_at,interaction_type,user_id) values (?,?,?,?,?) returning interaction_id
Hibernate: insert into interactions (annonce_id,content,created_at,interaction_type,user_id) values (?,?,?,?,?) returning interaction_id
Hibernate: insert into interactions (annonce_id,content,created_at,interaction_type,user_id) values (?,?,?,?,?) returning interaction_id
Hibernate: insert into interactions (annonce_id,content,created_at,interaction_type,user_id) values (?,?,?,?,?) returning interaction_id
Hibernate: insert into interactions (annonce_id,content,created_at,interaction_type,user_id) values (?,?,?,?,?) returning interaction_id
Hibernate: insert into interactions (annonce_id,content,created_at,interaction_type,user_id) values (?,?,?,?,?) returning interaction_id
Hibernate: insert into interactions (annonce_id,content,created_at,interaction_type,user_id) values (?,?,?,?,?) returning interaction_id
Hibernate: insert into interactions (annonce_id,content,created_at,interaction_type,user_id) values (?,?,?,?,?) returning interaction_id
Hibernate: insert into interactions (annonce_id,content,created_at,interaction_type,user_id) values (?,?,?,?,?) returning interaction_id
Hibernate: insert into interactions (annonce_id,content,created_at,interaction_type,user_id) values (?,?,?,?,?) returning interaction_id
Hibernate: insert into interactions (annonce_id,content,created_at,interaction_type,user_id) values (?,?,?,?,?) returning interaction_id
Hibernate: insert into interactions (annonce_id,content,created_at,interaction_type,user_id) values (?,?,?,?,?) returning interaction_id
Hibernate: insert into interactions (annonce_id,content,created_at,interaction_type,user_id) values (?,?,?,?,?) returning interaction_id
Hibernate: insert into interactions (annonce_id,content,created_at,interaction_type,user_id) values (?,?,?,?,?) returning interaction_id
Hibernate: insert into interactions (annonce_id,content,created_at,interaction_type,user_id) values (?,?,?,?,?) returning interaction_id
Hibernate: insert into interactions (annonce_id,content,created_at,interaction_type,user_id) values (?,?,?,?,?) returning interaction_id
Hibernate: insert into interactions (annonce_id,content,created_at,interaction_type,user_id) values (?,?,?,?,?) returning interaction_id
Hibernate: insert into interactions (annonce_id,content,created_at,interaction_type,user_id) values (?,?,?,?,?) returning interaction_id
Hibernate: insert into interactions (annonce_id,content,created_at,interaction_type,user_id) values (?,?,?,?,?) returning interaction_id
Hibernate: insert into interactions (annonce_id,content,created_at,interaction_type,user_id) values (?,?,?,?,?) returning interaction_id
Hibernate: insert into interactions (annonce_id,content,created_at,interaction_type,user_id) values (?,?,?,?,?) returning interaction_id
Hibernate: insert into interactions (annonce_id,content,created_at,interaction_type,user_id) values (?,?,?,?,?) returning interaction_id
Hibernate: insert into interactions (annonce_id,content,created_at,interaction_type,user_id) values (?,?,?,?,?) returning interaction_id
Hibernate: insert into interactions (annonce_id,content,created_at,interaction_type,user_id) values (?,?,?,?,?) returning interaction_id
Hibernate: insert into interactions (annonce_id,content,created_at,interaction_type,user_id) values (?,?,?,?,?) returning interaction_id
Hibernate: insert into interactions (annonce_id,content,created_at,interaction_type,user_id) values (?,?,?,?,?) returning interaction_id
Hibernate: insert into interactions (annonce_id,content,created_at,interaction_type,user_id) values (?,?,?,?,?) returning interaction_id
Hibernate: insert into interactions (annonce_id,content,created_at,interaction_type,user_id) values (?,?,?,?,?) returning interaction_id
Hibernate: insert into interactions (annonce_id,content,created_at,interaction_type,user_id) values (?,?,?,?,?) returning interaction_id
Hibernate: insert into interactions (annonce_id,content,created_at,interaction_type,user_id) values (?,?,?,?,?) returning interaction_id
Hibernate: insert into interactions (annonce_id,content,created_at,interaction_type,user_id) values (?,?,?,?,?) returning interaction_id
Hibernate: insert into interactions (annonce_id,content,created_at,interaction_type,user_id) values (?,?,?,?,?) returning interaction_id
Hibernate: insert into interactions (annonce_id,content,created_at,interaction_type,user_id) values (?,?,?,?,?) returning interaction_id
Hibernate: insert into interactions (annonce_id,content,created_at,interaction_type,user_id) values (?,?,?,?,?) returning interaction_id
Hibernate: insert into interactions (annonce_id,content,created_at,interaction_type,user_id) values (?,?,?,?,?) returning interaction_id
Hibernate: insert into interactions (annonce_id,content,created_at,interaction_type,user_id) values (?,?,?,?,?) returning interaction_id
Hibernate: insert into interactions (annonce_id,content,created_at,interaction_type,user_id) values (?,?,?,?,?) returning interaction_id
Hibernate: insert into interactions (annonce_id,content,created_at,interaction_type,user_id) values (?,?,?,?,?) returning interaction_id
Hibernate: insert into interactions (annonce_id,content,created_at,interaction_type,user_id) values (?,?,?,?,?) returning interaction_id
Hibernate: insert into interactions (annonce_id,content,created_at,interaction_type,user_id) values (?,?,?,?,?) returning interaction_id
Hibernate: insert into interactions (annonce_id,content,created_at,interaction_type,user_id) values (?,?,?,?,?) returning interaction_id
Hibernate: insert into interactions (annonce_id,content,created_at,interaction_type,user_id) values (?,?,?,?,?) returning interaction_id
Hibernate: insert into interactions (annonce_id,content,created_at,interaction_type,user_id) values (?,?,?,?,?) returning interaction_id
Hibernate: insert into interactions (annonce_id,content,created_at,interaction_type,user_id) values (?,?,?,?,?) returning interaction_id
Hibernate: insert into interactions (annonce_id,content,created_at,interaction_type,user_id) values (?,?,?,?,?) returning interaction_id
Hibernate: insert into interactions (annonce_id,content,created_at,interaction_type,user_id) values (?,?,?,?,?) returning interaction_id
Hibernate: insert into interactions (annonce_id,content,created_at,interaction_type,user_id) values (?,?,?,?,?) returning interaction_id
Hibernate: insert into interactions (annonce_id,content,created_at,interaction_type,user_id) values (?,?,?,?,?) returning interaction_id
Hibernate: insert into interactions (annonce_id,content,created_at,interaction_type,user_id) values (?,?,?,?,?) returning interaction_id
Hibernate: insert into interactions (annonce_id,content,created_at,interaction_type,user_id) values (?,?,?,?,?) returning interaction_id
Hibernate: insert into interactions (annonce_id,content,created_at,interaction_type,user_id) values (?,?,?,?,?) returning interaction_id
Hibernate: insert into interactions (annonce_id,content,created_at,interaction_type,user_id) values (?,?,?,?,?) returning interaction_id
Hibernate: insert into interactions (annonce_id,content,created_at,interaction_type,user_id) values (?,?,?,?,?) returning interaction_id
Hibernate: insert into interactions (annonce_id,content,created_at,interaction_type,user_id) values (?,?,?,?,?) returning interaction_id
Hibernate: insert into interactions (annonce_id,content,created_at,interaction_type,user_id) values (?,?,?,?,?) returning interaction_id
Hibernate: insert into interactions (annonce_id,content,created_at,interaction_type,user_id) values (?,?,?,?,?) returning interaction_id
Hibernate: insert into interactions (annonce_id,content,created_at,interaction_type,user_id) values (?,?,?,?,?) returning interaction_id
Hibernate: insert into interactions (annonce_id,content,created_at,interaction_type,user_id) values (?,?,?,?,?) returning interaction_id
Hibernate: insert into interactions (annonce_id,content,created_at,interaction_type,user_id) values (?,?,?,?,?) returning interaction_id
Hibernate: insert into interactions (annonce_id,content,created_at,interaction_type,user_id) values (?,?,?,?,?) returning interaction_id
Hibernate: insert into interactions (annonce_id,content,created_at,interaction_type,user_id) values (?,?,?,?,?) returning interaction_id
Hibernate: insert into interactions (annonce_id,content,created_at,interaction_type,user_id) values (?,?,?,?,?) returning interaction_id
Hibernate: insert into interactions (annonce_id,content,created_at,interaction_type,user_id) values (?,?,?,?,?) returning interaction_id
Hibernate: insert into interactions (annonce_id,content,created_at,interaction_type,user_id) values (?,?,?,?,?) returning interaction_id
Hibernate: insert into interactions (annonce_id,content,created_at,interaction_type,user_id) values (?,?,?,?,?) returning interaction_id
Hibernate: insert into interactions (annonce_id,content,created_at,interaction_type,user_id) values (?,?,?,?,?) returning interaction_id
Hibernate: insert into interactions (annonce_id,content,created_at,interaction_type,user_id) values (?,?,?,?,?) returning interaction_id
Hibernate: insert into interactions (annonce_id,content,created_at,interaction_type,user_id) values (?,?,?,?,?) returning interaction_id
Hibernate: insert into interactions (annonce_id,content,created_at,interaction_type,user_id) values (?,?,?,?,?) returning interaction_id
Hibernate: insert into interactions (annonce_id,content,created_at,interaction_type,user_id) values (?,?,?,?,?) returning interaction_id
Hibernate: insert into interactions (annonce_id,content,created_at,interaction_type,user_id) values (?,?,?,?,?) returning interaction_id
Hibernate: insert into interactions (annonce_id,content,created_at,interaction_type,user_id) values (?,?,?,?,?) returning interaction_id
Hibernate: insert into interactions (annonce_id,content,created_at,interaction_type,user_id) values (?,?,?,?,?) returning interaction_id
Hibernate: insert into interactions (annonce_id,content,created_at,interaction_type,user_id) values (?,?,?,?,?) returning interaction_id
Hibernate: insert into interactions (annonce_id,content,created_at,interaction_type,user_id) values (?,?,?,?,?) returning interaction_id
Hibernate: insert into interactions (annonce_id,content,created_at,interaction_type,user_id) values (?,?,?,?,?) returning interaction_id
Hibernate: insert into interactions (annonce_id,content,created_at,interaction_type,user_id) values (?,?,?,?,?) returning interaction_id
Hibernate: insert into interactions (annonce_id,content,created_at,interaction_type,user_id) values (?,?,?,?,?) returning interaction_id
Hibernate: insert into interactions (annonce_id,content,created_at,interaction_type,user_id) values (?,?,?,?,?) returning interaction_id
Hibernate: insert into interactions (annonce_id,content,created_at,interaction_type,user_id) values (?,?,?,?,?) returning interaction_id
Hibernate: insert into interactions (annonce_id,content,created_at,interaction_type,user_id) values (?,?,?,?,?) returning interaction_id
Hibernate: insert into interactions (annonce_id,content,created_at,interaction_type,user_id) values (?,?,?,?,?) returning interaction_id
Hibernate: insert into interactions (annonce_id,content,created_at,interaction_type,user_id) values (?,?,?,?,?) returning interaction_id
Hibernate: insert into interactions (annonce_id,content,created_at,interaction_type,user_id) values (?,?,?,?,?) returning interaction_id
Hibernate: insert into interactions (annonce_id,content,created_at,interaction_type,user_id) values (?,?,?,?,?) returning interaction_id
Hibernate: insert into interactions (annonce_id,content,created_at,interaction_type,user_id) values (?,?,?,?,?) returning interaction_id
Hibernate: insert into interactions (annonce_id,content,created_at,interaction_type,user_id) values (?,?,?,?,?) returning interaction_id
2024-12-22T10:45:39.116+01:00  WARN 4681 --- [backend] [           main] JpaBaseConfiguration$JpaWebConfiguration : spring.jpa.open-in-view is enabled by default. Therefore, database queries may be performed during view rendering. Explicitly configure spring.jpa.open-in-view to disable this warning
2024-12-22T10:45:39.123+01:00  WARN 4681 --- [backend] [           main] .s.s.UserDetailsServiceAutoConfiguration : 

Using generated security password: 78fe27be-a7f5-431d-8fd3-1f8746b75158

This generated password is for development use only. Your security configuration must be updated before running your application in production.

2024-12-22T10:45:39.129+01:00  INFO 4681 --- [backend] [           main] r$InitializeUserDetailsManagerConfigurer : Global AuthenticationManager configured with UserDetailsService bean with name inMemoryUserDetailsManager
2024-12-22T10:45:39.376+01:00  INFO 4681 --- [backend] [           main] c.v.backend.BackendApplicationTests      : Started BackendApplicationTests in 8.961 seconds (process running for 9.382)
]]></system-out>
    <system-err><![CDATA[WARNING: A Java agent has been loaded dynamically (/Users/medism14/.m2/repository/net/bytebuddy/byte-buddy-agent/1.14.19/byte-buddy-agent-1.14.19.jar)
WARNING: If a serviceability tool is in use, please run with -XX:+EnableDynamicAgentLoading to hide this warning
WARNING: If a serviceability tool is not in use, please run with -Djdk.instrument.traceUsage for more information
WARNING: Dynamic loading of agents will be disallowed by default in a future release
]]></system-err>
  </testcase>
</testsuite>