<?xml version="1.0" encoding="UTF-8"?>
<testsuite xmlns:xsi="http://www.w3.org/2001/XMLSchema-instance" xsi:noNamespaceSchemaLocation="https://maven.apache.org/surefire/maven-surefire-plugin/xsd/surefire-test-report-3.0.xsd" version="3.0" name="com.vlosco.backend.BackendApplicationTests" time="8.731" tests="1" errors="0" skipped="0" failures="0">
  <properties>
[...]
</properties>
  <testcase name="contextLoads" classname="com.vlosco.backend.BackendApplicationTests" time="0.282">
    <system-out><![CDATA[11:31:17.425 [main] INFO org.springframework.test.context.support.AnnotationConfigContextLoaderUtils -- Could not detect default configuration classes for test class [com.vlosco.backend.BackendApplicationTests]: BackendApplicationTests does not declare any static, non-private, non-final, nested classes annotated with @Configuration.
11:31:17.466 [main] INFO org.springframework.boot.test.context.SpringBootTestContextBootstrapper -- Found @SpringBootConfiguration com.vlosco.backend.BackendApplication for test class com.vlosco.backend.BackendApplicationTests

  .   ____          _            __ _ _
 /\\ / ___'_ __ _ _(_)_ __  __ _ \ \ \ \
( ( )\___ | '_ | '_| | '_ \/ _` | \ \ \ \
 \\/  ___)| |_)| | | | | || (_| |  ) ) ) )
  '  |____| .__|_| |_|_| |_\__, | / / / /
 =========|_|==============|___/=/_/_/_/

 :: Spring Boot ::                (v3.3.4)

2024-12-25T11:31:17.614+01:00  INFO 16439 --- [backend] [           main] c.v.backend.BackendApplicationTests      : Starting BackendApplicationTests using Java 23.0.1 with PID 16439 (started by medism14 in /Users/medism14/Desktop/Dev/Vlocso/BackAndApi/Backend)
2024-12-25T11:31:17.614+01:00  INFO 16439 --- [backend] [           main] c.v.backend.BackendApplicationTests      : No active profile set, falling back to 1 default profile: "default"
2024-12-25T11:31:17.948+01:00  INFO 16439 --- [backend] [           main] .s.d.r.c.RepositoryConfigurationDelegate : Bootstrapping Spring Data JPA repositories in DEFAULT mode.
2024-12-25T11:31:17.990+01:00  INFO 16439 --- [backend] [           main] .s.d.r.c.RepositoryConfigurationDelegate : Finished Spring Data repository scanning in 38 ms. Found 12 JPA repository interfaces.
2024-12-25T11:31:18.209+01:00  INFO 16439 --- [backend] [           main] o.hibernate.jpa.internal.util.LogHelper  : HHH000204: Processing PersistenceUnitInfo [name: default]
2024-12-25T11:31:18.239+01:00  INFO 16439 --- [backend] [           main] org.hibernate.Version                    : HHH000412: Hibernate ORM core version 6.5.3.Final
2024-12-25T11:31:18.252+01:00  INFO 16439 --- [backend] [           main] o.h.c.internal.RegionFactoryInitiator    : HHH000026: Second-level cache disabled
2024-12-25T11:31:18.395+01:00  INFO 16439 --- [backend] [           main] o.s.o.j.p.SpringPersistenceUnitInfo      : No LoadTimeWeaver setup: ignoring JPA class transformer
2024-12-25T11:31:18.407+01:00  INFO 16439 --- [backend] [           main] com.zaxxer.hikari.HikariDataSource       : HikariPool-1 - Starting...
2024-12-25T11:31:19.825+01:00  INFO 16439 --- [backend] [           main] com.zaxxer.hikari.pool.HikariPool        : HikariPool-1 - Added connection org.postgresql.jdbc.PgConnection@718f3088
2024-12-25T11:31:19.827+01:00  INFO 16439 --- [backend] [           main] com.zaxxer.hikari.HikariDataSource       : HikariPool-1 - Start completed.
2024-12-25T11:31:19.962+01:00  WARN 16439 --- [backend] [           main] org.hibernate.orm.deprecation            : HHH90000025: PostgreSQLDialect does not need to be specified explicitly using 'hibernate.dialect' (remove the property setting and it will be selected by default)
2024-12-25T11:31:20.579+01:00  INFO 16439 --- [backend] [           main] o.h.e.t.j.p.i.JtaPlatformInitiator       : HHH000489: No JTA platform available (set 'hibernate.transaction.jta.platform' to enable JTA platform integration)
2024-12-25T11:31:24.594+01:00  INFO 16439 --- [backend] [           main] j.LocalContainerEntityManagerFactoryBean : Initialized JPA EntityManagerFactory for persistence unit 'default'
2024-12-25T11:31:24.715+01:00  INFO 16439 --- [backend] [           main] o.s.d.j.r.query.QueryEnhancerFactory     : Hibernate is in classpath; If applicable, HQL parser will be used.
Hibernate: select count(*) from users u1_0
2024-12-25T11:31:25.571+01:00  WARN 16439 --- [backend] [           main] JpaBaseConfiguration$JpaWebConfiguration : spring.jpa.open-in-view is enabled by default. Therefore, database queries may be performed during view rendering. Explicitly configure spring.jpa.open-in-view to disable this warning
2024-12-25T11:31:25.579+01:00  WARN 16439 --- [backend] [           main] .s.s.UserDetailsServiceAutoConfiguration : 

Using generated security password: 9eaed514-8c8b-4483-a164-4f2cd26d9c96

This generated password is for development use only. Your security configuration must be updated before running your application in production.

2024-12-25T11:31:25.583+01:00  INFO 16439 --- [backend] [           main] r$InitializeUserDetailsManagerConfigurer : Global AuthenticationManager configured with UserDetailsService bean with name inMemoryUserDetailsManager
2024-12-25T11:31:25.806+01:00  INFO 16439 --- [backend] [           main] c.v.backend.BackendApplicationTests      : Started BackendApplicationTests in 8.294 seconds (process running for 8.653)
]]></system-out>
    <system-err><![CDATA[WARNING: A Java agent has been loaded dynamically (/Users/medism14/.m2/repository/net/bytebuddy/byte-buddy-agent/1.14.19/byte-buddy-agent-1.14.19.jar)
WARNING: If a serviceability tool is in use, please run with -XX:+EnableDynamicAgentLoading to hide this warning
WARNING: If a serviceability tool is not in use, please run with -Djdk.instrument.traceUsage for more information
WARNING: Dynamic loading of agents will be disallowed by default in a future release
]]></system-err>
  </testcase>
</testsuite>